[26-Dec-2017 14:10:18 Asia/Shanghai] Empty module and/or action after parsing the URL "/webres_598bd8c4489f52.47381308/themes/default/images/error-btn.png" (/).
二 12/26 14:10:30 2017,938 [3484] ERROR filter.ExceptionCatcherFilter - Uncaught Exception: exception 'Doctrine_Validator_Exception' with message 'Validation failed in class WorkSchedule

  3 fields had validation errors:

    * 1 validator failed on name (notnull)
    * 1 validator failed on copy_type (notnull)
    * 1 validator failed on status (notnull)
' in /Users/wubin/Documents/Github/www/OrangeHRM/symfony/lib/vendor/lexpress/doctrine1/lib/Doctrine/Transaction.php:265
Stack trace:
#0 /Users/wubin/Documents/Github/www/OrangeHRM/symfony/lib/vendor/lexpress/doctrine1/lib/Doctrine/Connection.php(1447): Doctrine_Transaction->commit(NULL)
#1 /Users/wubin/Documents/Github/www/OrangeHRM/symfony/lib/vendor/lexpress/doctrine1/lib/Doctrine/Connection/UnitOfWork.php(148): Doctrine_Connection->commit()
#2 /Users/wubin/Documents/Github/www/OrangeHRM/symfony/lib/vendor/lexpress/doctrine1/lib/Doctrine/Record.php(1718): Doctrine_Connection_UnitOfWork->saveGraph(Object(WorkSchedule))
#3 /Users/wubin/Documents/Github/www/OrangeHRM/symfony/plugins/orangehrmShiftPlugin/lib/dao/ScheduleDao.php(25): Doctrine_Record->save()
#4 /Users/wubin/Documents/Github/www/OrangeHRM/symfony/plugins/orangehrmShiftPlugin/lib/service/ScheduleService.php(56): ScheduleDao->saveSchedule(Object(WorkSchedule))
#5 /Users/wubin/Documents/Github/www/OrangeHRM/symfony/plugins/orangehrmShiftPlugin/modules/shift/actions/rollXMLAction.class.php(58): ScheduleService->saveSchedule(Object(WorkSchedule))
#6 /Users/wubin/Documents/Github/www/OrangeHRM/symfony/lib/vendor/symfony/lib/filter/sfExecutionFilter.class.php(92): rollXmlAction->execute(Object(sfWebRequest))
#7 /Users/wubin/Documents/Github/www/OrangeHRM/symfony/plugins/orangehrmCorePlugin/lib/filter/orangehrmExecutionFilter.php(42): sfExecutionFilter->executeAction(Object(rollXmlAction))
#8 /Users/wubin/Documents/Github/www/OrangeHRM/symfony/lib/vendor/symfony/lib/filter/sfExecutionFilter.class.php(78): orangehrmExecutionFilter->executeAction(Object(rollXmlAction))
#9 /Users/wubin/Documents/Github/www/OrangeHRM/symfony/lib/vendor/symfony/lib/filter/sfExecutionFilter.class.php(53): sfExecutionFilter->handleAction(Object(sfFilterChain), Object(rollXmlAction))
#10 /Users/wubin/Documents/Github/www/OrangeHRM/symfony/lib/vendor/symfony/lib/filter/sfFilterChain.class.php(53): sfExecutionFilter->execute(Object(sfFilterChain))
#11 /Users/wubin/Documents/Github/www/OrangeHRM/symfony/lib/vendor/symfony/lib/filter/sfCommonFilter.class.php(29): sfFilterChain->execute()
#12 /Users/wubin/Documents/Github/www/OrangeHRM/symfony/lib/vendor/symfony/lib/filter/sfFilterChain.class.php(53): sfCommonFilter->execute(Object(sfFilterChain))
#13 /Users/wubin/Documents/Github/www/OrangeHRM/symfony/plugins/orangehrmCorePlugin/lib/filter/orangehrmPostExecutionFilter.php(22): sfFilterChain->execute()
#14 /Users/wubin/Documents/Github/www/OrangeHRM/symfony/lib/vendor/symfony/lib/filter/sfFilterChain.class.php(53): orangehrmPostExecutionFilter->execute(Object(sfFilterChain))
#15 /Users/wubin/Documents/Github/www/OrangeHRM/symfony/apps/orangehrm/lib/filter/ModuleFilter.php(56): sfFilterChain->execute()
#16 /Users/wubin/Documents/Github/www/OrangeHRM/symfony/lib/vendor/symfony/lib/filter/sfFilterChain.class.php(53): ModuleFilter->execute(Object(sfFilterChain))
#17 /Users/wubin/Documents/Github/www/OrangeHRM/symfony/plugins/orangehrmCorePlugin/lib/authorization/filter/ohrmAuthorizationFilter.php(101): sfFilterChain->execute()
#18 /Users/wubin/Documents/Github/www/OrangeHRM/symfony/lib/vendor/symfony/lib/filter/sfFilterChain.class.php(53): ohrmAuthorizationFilter->execute(Object(sfFilterChain))
#19 /Users/wubin/Documents/Github/www/OrangeHRM/symfony/apps/orangehrm/lib/filter/SessionInfoFetcherFilter.php(67): sfFilterChain->execute()
#20 /Users/wubin/Documents/Github/www/OrangeHRM/symfony/lib/vendor/symfony/lib/filter/sfFilterChain.class.php(53): SessionInfoFetcherFilter->execute(Object(sfFilterChain))
#21 /Users/wubin/Documents/Github/www/OrangeHRM/symfony/apps/orangehrm/lib/filter/OrangeI18NFilter.php(58): sfFilterChain->execute()
#22 /Users/wubin/Documents/Github/www/OrangeHRM/symfony/lib/vendor/symfony/lib/filter/sfFilterChain.class.php(53): OrangeI18NFilter->execute(Object(sfFilterChain))
#23 /Users/wubin/Documents/Github/www/OrangeHRM/symfony/apps/orangehrm/lib/filter/ExceptionCatcherFilter.php(26): sfFilterChain->execute()
#24 /Users/wubin/Documents/Github/www/OrangeHRM/symfony/lib/vendor/symfony/lib/filter/sfFilterChain.class.php(53): ExceptionCatcherFilter->execute(Object(sfFilterChain))
#25 /Users/wubin/Documents/Github/www/OrangeHRM/symfony/lib/vendor/symfony/lib/filter/sfBasicSecurityFilter.class.php(72): sfFilterChain->execute()
#26 /Users/wubin/Documents/Github/www/OrangeHRM/symfony/lib/vendor/symfony/lib/filter/sfFilterChain.class.php(53): sfBasicSecurityFilter->execute(Object(sfFilterChain))
#27 /Users/wubin/Documents/Github/www/OrangeHRM/symfony/lib/vendor/symfony/lib/filter/sfRenderingFilter.class.php(33): sfFilterChain->execute()
#28 /Users/wubin/Documents/Github/www/OrangeHRM/symfony/lib/vendor/symfony/lib/filter/sfFilterChain.class.php(53): sfRenderingFilter->execute(Object(sfFilterChain))
#29 /Users/wubin/Documents/Github/www/OrangeHRM/symfony/lib/vendor/symfony/lib/controller/sfController.class.php(238): sfFilterChain->execute()
#30 /Users/wubin/Documents/Github/www/OrangeHRM/symfony/lib/vendor/symfony/lib/controller/sfFrontWebController.class.php(48): sfController->forward('shift', 'rollXML')
#31 /Users/wubin/Documents/Github/www/OrangeHRM/symfony/lib/vendor/symfony/lib/util/sfContext.class.php(173): sfFrontWebController->dispatch()
#32 /Users/wubin/Documents/Github/www/OrangeHRM/symfony/web/index.php(22): sfContext->dispatch()
#33 {main}

Next exception 'DaoException' with message 'Validation failed in class WorkSchedule

  3 fields had validation errors:

    * 1 validator failed on name (notnull)
    * 1 validator failed on copy_type (notnull)
    * 1 validator failed on status (notnull)
' in /Users/wubin/Documents/Github/www/OrangeHRM/symfony/plugins/orangehrmShiftPlugin/lib/dao/ScheduleDao.php:27
Stack trace:
#0 /Users/wubin/Documents/Github/www/OrangeHRM/symfony/plugins/orangehrmShiftPlugin/lib/service/ScheduleService.php(56): ScheduleDao->saveSchedule(Object(WorkSchedule))
#1 /Users/wubin/Documents/Github/www/OrangeHRM/symfony/plugins/orangehrmShiftPlugin/modules/shift/actions/rollXMLAction.class.php(58): ScheduleService->saveSchedule(Object(WorkSchedule))
#2 /Users/wubin/Documents/Github/www/OrangeHRM/symfony/lib/vendor/symfony/lib/filter/sfExecutionFilter.class.php(92): rollXmlAction->execute(Object(sfWebRequest))
#3 /Users/wubin/Documents/Github/www/OrangeHRM/symfony/plugins/orangehrmCorePlugin/lib/filter/orangehrmExecutionFilter.php(42): sfExecutionFilter->executeAction(Object(rollXmlAction))
#4 /Users/wubin/Documents/Github/www/OrangeHRM/symfony/lib/vendor/symfony/lib/filter/sfExecutionFilter.class.php(78): orangehrmExecutionFilter->executeAction(Object(rollXmlAction))
#5 /Users/wubin/Documents/Github/www/OrangeHRM/symfony/lib/vendor/symfony/lib/filter/sfExecutionFilter.class.php(53): sfExecutionFilter->handleAction(Object(sfFilterChain), Object(rollXmlAction))
#6 /Users/wubin/Documents/Github/www/OrangeHRM/symfony/lib/vendor/symfony/lib/filter/sfFilterChain.class.php(53): sfExecutionFilter->execute(Object(sfFilterChain))
#7 /Users/wubin/Documents/Github/www/OrangeHRM/symfony/lib/vendor/symfony/lib/filter/sfCommonFilter.class.php(29): sfFilterChain->execute()
#8 /Users/wubin/Documents/Github/www/OrangeHRM/symfony/lib/vendor/symfony/lib/filter/sfFilterChain.class.php(53): sfCommonFilter->execute(Object(sfFilterChain))
#9 /Users/wubin/Documents/Github/www/OrangeHRM/symfony/plugins/orangehrmCorePlugin/lib/filter/orangehrmPostExecutionFilter.php(22): sfFilterChain->execute()
#10 /Users/wubin/Documents/Github/www/OrangeHRM/symfony/lib/vendor/symfony/lib/filter/sfFilterChain.class.php(53): orangehrmPostExecutionFilter->execute(Object(sfFilterChain))
#11 /Users/wubin/Documents/Github/www/OrangeHRM/symfony/apps/orangehrm/lib/filter/ModuleFilter.php(56): sfFilterChain->execute()
#12 /Users/wubin/Documents/Github/www/OrangeHRM/symfony/lib/vendor/symfony/lib/filter/sfFilterChain.class.php(53): ModuleFilter->execute(Object(sfFilterChain))
#13 /Users/wubin/Documents/Github/www/OrangeHRM/symfony/plugins/orangehrmCorePlugin/lib/authorization/filter/ohrmAuthorizationFilter.php(101): sfFilterChain->execute()
#14 /Users/wubin/Documents/Github/www/OrangeHRM/symfony/lib/vendor/symfony/lib/filter/sfFilterChain.class.php(53): ohrmAuthorizationFilter->execute(Object(sfFilterChain))
#15 /Users/wubin/Documents/Github/www/OrangeHRM/symfony/apps/orangehrm/lib/filter/SessionInfoFetcherFilter.php(67): sfFilterChain->execute()
#16 /Users/wubin/Documents/Github/www/OrangeHRM/symfony/lib/vendor/symfony/lib/filter/sfFilterChain.class.php(53): SessionInfoFetcherFilter->execute(Object(sfFilterChain))
#17 /Users/wubin/Documents/Github/www/OrangeHRM/symfony/apps/orangehrm/lib/filter/OrangeI18NFilter.php(58): sfFilterChain->execute()
#18 /Users/wubin/Documents/Github/www/OrangeHRM/symfony/lib/vendor/symfony/lib/filter/sfFilterChain.class.php(53): OrangeI18NFilter->execute(Object(sfFilterChain))
#19 /Users/wubin/Documents/Github/www/OrangeHRM/symfony/apps/orangehrm/lib/filter/ExceptionCatcherFilter.php(26): sfFilterChain->execute()
#20 /Users/wubin/Documents/Github/www/OrangeHRM/symfony/lib/vendor/symfony/lib/filter/sfFilterChain.class.php(53): ExceptionCatcherFilter->execute(Object(sfFilterChain))
#21 /Users/wubin/Documents/Github/www/OrangeHRM/symfony/lib/vendor/symfony/lib/filter/sfBasicSecurityFilter.class.php(72): sfFilterChain->execute()
#22 /Users/wubin/Documents/Github/www/OrangeHRM/symfony/lib/vendor/symfony/lib/filter/sfFilterChain.class.php(53): sfBasicSecurityFilter->execute(Object(sfFilterChain))
#23 /Users/wubin/Documents/Github/www/OrangeHRM/symfony/lib/vendor/symfony/lib/filter/sfRenderingFilter.class.php(33): sfFilterChain->execute()
#24 /Users/wubin/Documents/Github/www/OrangeHRM/symfony/lib/vendor/symfony/lib/filter/sfFilterChain.class.php(53): sfRenderingFilter->execute(Object(sfFilterChain))
#25 /Users/wubin/Documents/Github/www/OrangeHRM/symfony/lib/vendor/symfony/lib/controller/sfController.class.php(238): sfFilterChain->execute()
#26 /Users/wubin/Documents/Github/www/OrangeHRM/symfony/lib/vendor/symfony/lib/controller/sfFrontWebController.class.php(48): sfController->forward('shift', 'rollXML')
#27 /Users/wubin/Documents/Github/www/OrangeHRM/symfony/lib/vendor/symfony/lib/util/sfContext.class.php(173): sfFrontWebController->dispatch()
#28 /Users/wubin/Documents/Github/www/OrangeHRM/symfony/web/index.php(22): sfContext->dispatch()
#29 {main}
[26-Dec-2017 14:10:31 Asia/Shanghai] Empty module and/or action after parsing the URL "/webres_598bd8c4489f52.47381308/themes/default/images/error-btn.png" (/).
二 12/26 14:10:54 2017,205 [3528] ERROR filter.ExceptionCatcherFilter - Uncaught Exception: exception 'Doctrine_Validator_Exception' with message 'Validation failed in class WorkSchedule

  3 fields had validation errors:

    * 1 validator failed on name (notnull)
    * 1 validator failed on copy_type (notnull)
    * 1 validator failed on status (notnull)
' in /Users/wubin/Documents/Github/www/OrangeHRM/symfony/lib/vendor/lexpress/doctrine1/lib/Doctrine/Transaction.php:265
Stack trace:
#0 /Users/wubin/Documents/Github/www/OrangeHRM/symfony/lib/vendor/lexpress/doctrine1/lib/Doctrine/Connection.php(1447): Doctrine_Transaction->commit(NULL)
#1 /Users/wubin/Documents/Github/www/OrangeHRM/symfony/lib/vendor/lexpress/doctrine1/lib/Doctrine/Connection/UnitOfWork.php(148): Doctrine_Connection->commit()
#2 /Users/wubin/Documents/Github/www/OrangeHRM/symfony/lib/vendor/lexpress/doctrine1/lib/Doctrine/Record.php(1718): Doctrine_Connection_UnitOfWork->saveGraph(Object(WorkSchedule))
#3 /Users/wubin/Documents/Github/www/OrangeHRM/symfony/plugins/orangehrmShiftPlugin/lib/dao/ScheduleDao.php(25): Doctrine_Record->save()
#4 /Users/wubin/Documents/Github/www/OrangeHRM/symfony/plugins/orangehrmShiftPlugin/lib/service/ScheduleService.php(56): ScheduleDao->saveSchedule(Object(WorkSchedule))
#5 /Users/wubin/Documents/Github/www/OrangeHRM/symfony/plugins/orangehrmShiftPlugin/modules/shift/actions/rollXMLAction.class.php(58): ScheduleService->saveSchedule(Object(WorkSchedule))
#6 /Users/wubin/Documents/Github/www/OrangeHRM/symfony/lib/vendor/symfony/lib/filter/sfExecutionFilter.class.php(92): rollXmlAction->execute(Object(sfWebRequest))
#7 /Users/wubin/Documents/Github/www/OrangeHRM/symfony/plugins/orangehrmCorePlugin/lib/filter/orangehrmExecutionFilter.php(42): sfExecutionFilter->executeAction(Object(rollXmlAction))
#8 /Users/wubin/Documents/Github/www/OrangeHRM/symfony/lib/vendor/symfony/lib/filter/sfExecutionFilter.class.php(78): orangehrmExecutionFilter->executeAction(Object(rollXmlAction))
#9 /Users/wubin/Documents/Github/www/OrangeHRM/symfony/lib/vendor/symfony/lib/filter/sfExecutionFilter.class.php(53): sfExecutionFilter->handleAction(Object(sfFilterChain), Object(rollXmlAction))
#10 /Users/wubin/Documents/Github/www/OrangeHRM/symfony/lib/vendor/symfony/lib/filter/sfFilterChain.class.php(53): sfExecutionFilter->execute(Object(sfFilterChain))
#11 /Users/wubin/Documents/Github/www/OrangeHRM/symfony/lib/vendor/symfony/lib/filter/sfCommonFilter.class.php(29): sfFilterChain->execute()
#12 /Users/wubin/Documents/Github/www/OrangeHRM/symfony/lib/vendor/symfony/lib/filter/sfFilterChain.class.php(53): sfCommonFilter->execute(Object(sfFilterChain))
#13 /Users/wubin/Documents/Github/www/OrangeHRM/symfony/plugins/orangehrmCorePlugin/lib/filter/orangehrmPostExecutionFilter.php(22): sfFilterChain->execute()
#14 /Users/wubin/Documents/Github/www/OrangeHRM/symfony/lib/vendor/symfony/lib/filter/sfFilterChain.class.php(53): orangehrmPostExecutionFilter->execute(Object(sfFilterChain))
#15 /Users/wubin/Documents/Github/www/OrangeHRM/symfony/apps/orangehrm/lib/filter/ModuleFilter.php(56): sfFilterChain->execute()
#16 /Users/wubin/Documents/Github/www/OrangeHRM/symfony/lib/vendor/symfony/lib/filter/sfFilterChain.class.php(53): ModuleFilter->execute(Object(sfFilterChain))
#17 /Users/wubin/Documents/Github/www/OrangeHRM/symfony/plugins/orangehrmCorePlugin/lib/authorization/filter/ohrmAuthorizationFilter.php(101): sfFilterChain->execute()
#18 /Users/wubin/Documents/Github/www/OrangeHRM/symfony/lib/vendor/symfony/lib/filter/sfFilterChain.class.php(53): ohrmAuthorizationFilter->execute(Object(sfFilterChain))
#19 /Users/wubin/Documents/Github/www/OrangeHRM/symfony/apps/orangehrm/lib/filter/SessionInfoFetcherFilter.php(67): sfFilterChain->execute()
#20 /Users/wubin/Documents/Github/www/OrangeHRM/symfony/lib/vendor/symfony/lib/filter/sfFilterChain.class.php(53): SessionInfoFetcherFilter->execute(Object(sfFilterChain))
#21 /Users/wubin/Documents/Github/www/OrangeHRM/symfony/apps/orangehrm/lib/filter/OrangeI18NFilter.php(58): sfFilterChain->execute()
#22 /Users/wubin/Documents/Github/www/OrangeHRM/symfony/lib/vendor/symfony/lib/filter/sfFilterChain.class.php(53): OrangeI18NFilter->execute(Object(sfFilterChain))
#23 /Users/wubin/Documents/Github/www/OrangeHRM/symfony/apps/orangehrm/lib/filter/ExceptionCatcherFilter.php(26): sfFilterChain->execute()
#24 /Users/wubin/Documents/Github/www/OrangeHRM/symfony/lib/vendor/symfony/lib/filter/sfFilterChain.class.php(53): ExceptionCatcherFilter->execute(Object(sfFilterChain))
#25 /Users/wubin/Documents/Github/www/OrangeHRM/symfony/lib/vendor/symfony/lib/filter/sfBasicSecurityFilter.class.php(72): sfFilterChain->execute()
#26 /Users/wubin/Documents/Github/www/OrangeHRM/symfony/lib/vendor/symfony/lib/filter/sfFilterChain.class.php(53): sfBasicSecurityFilter->execute(Object(sfFilterChain))
#27 /Users/wubin/Documents/Github/www/OrangeHRM/symfony/lib/vendor/symfony/lib/filter/sfRenderingFilter.class.php(33): sfFilterChain->execute()
#28 /Users/wubin/Documents/Github/www/OrangeHRM/symfony/lib/vendor/symfony/lib/filter/sfFilterChain.class.php(53): sfRenderingFilter->execute(Object(sfFilterChain))
#29 /Users/wubin/Documents/Github/www/OrangeHRM/symfony/lib/vendor/symfony/lib/controller/sfController.class.php(238): sfFilterChain->execute()
#30 /Users/wubin/Documents/Github/www/OrangeHRM/symfony/lib/vendor/symfony/lib/controller/sfFrontWebController.class.php(48): sfController->forward('shift', 'rollXML')
#31 /Users/wubin/Documents/Github/www/OrangeHRM/symfony/lib/vendor/symfony/lib/util/sfContext.class.php(173): sfFrontWebController->dispatch()
#32 /Users/wubin/Documents/Github/www/OrangeHRM/symfony/web/index.php(22): sfContext->dispatch()
#33 {main}

Next exception 'DaoException' with message 'Validation failed in class WorkSchedule

  3 fields had validation errors:

    * 1 validator failed on name (notnull)
    * 1 validator failed on copy_type (notnull)
    * 1 validator failed on status (notnull)
' in /Users/wubin/Documents/Github/www/OrangeHRM/symfony/plugins/orangehrmShiftPlugin/lib/dao/ScheduleDao.php:27
Stack trace:
#0 /Users/wubin/Documents/Github/www/OrangeHRM/symfony/plugins/orangehrmShiftPlugin/lib/service/ScheduleService.php(56): ScheduleDao->saveSchedule(Object(WorkSchedule))
#1 /Users/wubin/Documents/Github/www/OrangeHRM/symfony/plugins/orangehrmShiftPlugin/modules/shift/actions/rollXMLAction.class.php(58): ScheduleService->saveSchedule(Object(WorkSchedule))
#2 /Users/wubin/Documents/Github/www/OrangeHRM/symfony/lib/vendor/symfony/lib/filter/sfExecutionFilter.class.php(92): rollXmlAction->execute(Object(sfWebRequest))
#3 /Users/wubin/Documents/Github/www/OrangeHRM/symfony/plugins/orangehrmCorePlugin/lib/filter/orangehrmExecutionFilter.php(42): sfExecutionFilter->executeAction(Object(rollXmlAction))
#4 /Users/wubin/Documents/Github/www/OrangeHRM/symfony/lib/vendor/symfony/lib/filter/sfExecutionFilter.class.php(78): orangehrmExecutionFilter->executeAction(Object(rollXmlAction))
#5 /Users/wubin/Documents/Github/www/OrangeHRM/symfony/lib/vendor/symfony/lib/filter/sfExecutionFilter.class.php(53): sfExecutionFilter->handleAction(Object(sfFilterChain), Object(rollXmlAction))
#6 /Users/wubin/Documents/Github/www/OrangeHRM/symfony/lib/vendor/symfony/lib/filter/sfFilterChain.class.php(53): sfExecutionFilter->execute(Object(sfFilterChain))
#7 /Users/wubin/Documents/Github/www/OrangeHRM/symfony/lib/vendor/symfony/lib/filter/sfCommonFilter.class.php(29): sfFilterChain->execute()
#8 /Users/wubin/Documents/Github/www/OrangeHRM/symfony/lib/vendor/symfony/lib/filter/sfFilterChain.class.php(53): sfCommonFilter->execute(Object(sfFilterChain))
#9 /Users/wubin/Documents/Github/www/OrangeHRM/symfony/plugins/orangehrmCorePlugin/lib/filter/orangehrmPostExecutionFilter.php(22): sfFilterChain->execute()
#10 /Users/wubin/Documents/Github/www/OrangeHRM/symfony/lib/vendor/symfony/lib/filter/sfFilterChain.class.php(53): orangehrmPostExecutionFilter->execute(Object(sfFilterChain))
#11 /Users/wubin/Documents/Github/www/OrangeHRM/symfony/apps/orangehrm/lib/filter/ModuleFilter.php(56): sfFilterChain->execute()
#12 /Users/wubin/Documents/Github/www/OrangeHRM/symfony/lib/vendor/symfony/lib/filter/sfFilterChain.class.php(53): ModuleFilter->execute(Object(sfFilterChain))
#13 /Users/wubin/Documents/Github/www/OrangeHRM/symfony/plugins/orangehrmCorePlugin/lib/authorization/filter/ohrmAuthorizationFilter.php(101): sfFilterChain->execute()
#14 /Users/wubin/Documents/Github/www/OrangeHRM/symfony/lib/vendor/symfony/lib/filter/sfFilterChain.class.php(53): ohrmAuthorizationFilter->execute(Object(sfFilterChain))
#15 /Users/wubin/Documents/Github/www/OrangeHRM/symfony/apps/orangehrm/lib/filter/SessionInfoFetcherFilter.php(67): sfFilterChain->execute()
#16 /Users/wubin/Documents/Github/www/OrangeHRM/symfony/lib/vendor/symfony/lib/filter/sfFilterChain.class.php(53): SessionInfoFetcherFilter->execute(Object(sfFilterChain))
#17 /Users/wubin/Documents/Github/www/OrangeHRM/symfony/apps/orangehrm/lib/filter/OrangeI18NFilter.php(58): sfFilterChain->execute()
#18 /Users/wubin/Documents/Github/www/OrangeHRM/symfony/lib/vendor/symfony/lib/filter/sfFilterChain.class.php(53): OrangeI18NFilter->execute(Object(sfFilterChain))
#19 /Users/wubin/Documents/Github/www/OrangeHRM/symfony/apps/orangehrm/lib/filter/ExceptionCatcherFilter.php(26): sfFilterChain->execute()
#20 /Users/wubin/Documents/Github/www/OrangeHRM/symfony/lib/vendor/symfony/lib/filter/sfFilterChain.class.php(53): ExceptionCatcherFilter->execute(Object(sfFilterChain))
#21 /Users/wubin/Documents/Github/www/OrangeHRM/symfony/lib/vendor/symfony/lib/filter/sfBasicSecurityFilter.class.php(72): sfFilterChain->execute()
#22 /Users/wubin/Documents/Github/www/OrangeHRM/symfony/lib/vendor/symfony/lib/filter/sfFilterChain.class.php(53): sfBasicSecurityFilter->execute(Object(sfFilterChain))
#23 /Users/wubin/Documents/Github/www/OrangeHRM/symfony/lib/vendor/symfony/lib/filter/sfRenderingFilter.class.php(33): sfFilterChain->execute()
#24 /Users/wubin/Documents/Github/www/OrangeHRM/symfony/lib/vendor/symfony/lib/filter/sfFilterChain.class.php(53): sfRenderingFilter->execute(Object(sfFilterChain))
#25 /Users/wubin/Documents/Github/www/OrangeHRM/symfony/lib/vendor/symfony/lib/controller/sfController.class.php(238): sfFilterChain->execute()
#26 /Users/wubin/Documents/Github/www/OrangeHRM/symfony/lib/vendor/symfony/lib/controller/sfFrontWebController.class.php(48): sfController->forward('shift', 'rollXML')
#27 /Users/wubin/Documents/Github/www/OrangeHRM/symfony/lib/vendor/symfony/lib/util/sfContext.class.php(173): sfFrontWebController->dispatch()
#28 /Users/wubin/Documents/Github/www/OrangeHRM/symfony/web/index.php(22): sfContext->dispatch()
#29 {main}
[26-Dec-2017 14:10:54 Asia/Shanghai] Empty module and/or action after parsing the URL "/webres_598bd8c4489f52.47381308/themes/default/images/error-btn.png" (/).
二 12/26 14:11:13 2017,488 [3484] ERROR filter.ExceptionCatcherFilter - Uncaught Exception: exception 'Doctrine_Validator_Exception' with message 'Validation failed in class WorkSchedule

  3 fields had validation errors:

    * 1 validator failed on name (notnull)
    * 1 validator failed on copy_type (notnull)
    * 1 validator failed on status (notnull)
' in /Users/wubin/Documents/Github/www/OrangeHRM/symfony/lib/vendor/lexpress/doctrine1/lib/Doctrine/Transaction.php:265
Stack trace:
#0 /Users/wubin/Documents/Github/www/OrangeHRM/symfony/lib/vendor/lexpress/doctrine1/lib/Doctrine/Connection.php(1447): Doctrine_Transaction->commit(NULL)
#1 /Users/wubin/Documents/Github/www/OrangeHRM/symfony/lib/vendor/lexpress/doctrine1/lib/Doctrine/Connection/UnitOfWork.php(148): Doctrine_Connection->commit()
#2 /Users/wubin/Documents/Github/www/OrangeHRM/symfony/lib/vendor/lexpress/doctrine1/lib/Doctrine/Record.php(1718): Doctrine_Connection_UnitOfWork->saveGraph(Object(WorkSchedule))
#3 /Users/wubin/Documents/Github/www/OrangeHRM/symfony/plugins/orangehrmShiftPlugin/lib/dao/ScheduleDao.php(25): Doctrine_Record->save()
#4 /Users/wubin/Documents/Github/www/OrangeHRM/symfony/plugins/orangehrmShiftPlugin/lib/service/ScheduleService.php(56): ScheduleDao->saveSchedule(Object(WorkSchedule))
#5 /Users/wubin/Documents/Github/www/OrangeHRM/symfony/plugins/orangehrmShiftPlugin/modules/shift/actions/rollXMLAction.class.php(58): ScheduleService->saveSchedule(Object(WorkSchedule))
#6 /Users/wubin/Documents/Github/www/OrangeHRM/symfony/lib/vendor/symfony/lib/filter/sfExecutionFilter.class.php(92): rollXmlAction->execute(Object(sfWebRequest))
#7 /Users/wubin/Documents/Github/www/OrangeHRM/symfony/plugins/orangehrmCorePlugin/lib/filter/orangehrmExecutionFilter.php(42): sfExecutionFilter->executeAction(Object(rollXmlAction))
#8 /Users/wubin/Documents/Github/www/OrangeHRM/symfony/lib/vendor/symfony/lib/filter/sfExecutionFilter.class.php(78): orangehrmExecutionFilter->executeAction(Object(rollXmlAction))
#9 /Users/wubin/Documents/Github/www/OrangeHRM/symfony/lib/vendor/symfony/lib/filter/sfExecutionFilter.class.php(53): sfExecutionFilter->handleAction(Object(sfFilterChain), Object(rollXmlAction))
#10 /Users/wubin/Documents/Github/www/OrangeHRM/symfony/lib/vendor/symfony/lib/filter/sfFilterChain.class.php(53): sfExecutionFilter->execute(Object(sfFilterChain))
#11 /Users/wubin/Documents/Github/www/OrangeHRM/symfony/lib/vendor/symfony/lib/filter/sfCommonFilter.class.php(29): sfFilterChain->execute()
#12 /Users/wubin/Documents/Github/www/OrangeHRM/symfony/lib/vendor/symfony/lib/filter/sfFilterChain.class.php(53): sfCommonFilter->execute(Object(sfFilterChain))
#13 /Users/wubin/Documents/Github/www/OrangeHRM/symfony/plugins/orangehrmCorePlugin/lib/filter/orangehrmPostExecutionFilter.php(22): sfFilterChain->execute()
#14 /Users/wubin/Documents/Github/www/OrangeHRM/symfony/lib/vendor/symfony/lib/filter/sfFilterChain.class.php(53): orangehrmPostExecutionFilter->execute(Object(sfFilterChain))
#15 /Users/wubin/Documents/Github/www/OrangeHRM/symfony/apps/orangehrm/lib/filter/ModuleFilter.php(56): sfFilterChain->execute()
#16 /Users/wubin/Documents/Github/www/OrangeHRM/symfony/lib/vendor/symfony/lib/filter/sfFilterChain.class.php(53): ModuleFilter->execute(Object(sfFilterChain))
#17 /Users/wubin/Documents/Github/www/OrangeHRM/symfony/plugins/orangehrmCorePlugin/lib/authorization/filter/ohrmAuthorizationFilter.php(101): sfFilterChain->execute()
#18 /Users/wubin/Documents/Github/www/OrangeHRM/symfony/lib/vendor/symfony/lib/filter/sfFilterChain.class.php(53): ohrmAuthorizationFilter->execute(Object(sfFilterChain))
#19 /Users/wubin/Documents/Github/www/OrangeHRM/symfony/apps/orangehrm/lib/filter/SessionInfoFetcherFilter.php(67): sfFilterChain->execute()
#20 /Users/wubin/Documents/Github/www/OrangeHRM/symfony/lib/vendor/symfony/lib/filter/sfFilterChain.class.php(53): SessionInfoFetcherFilter->execute(Object(sfFilterChain))
#21 /Users/wubin/Documents/Github/www/OrangeHRM/symfony/apps/orangehrm/lib/filter/OrangeI18NFilter.php(58): sfFilterChain->execute()
#22 /Users/wubin/Documents/Github/www/OrangeHRM/symfony/lib/vendor/symfony/lib/filter/sfFilterChain.class.php(53): OrangeI18NFilter->execute(Object(sfFilterChain))
#23 /Users/wubin/Documents/Github/www/OrangeHRM/symfony/apps/orangehrm/lib/filter/ExceptionCatcherFilter.php(26): sfFilterChain->execute()
#24 /Users/wubin/Documents/Github/www/OrangeHRM/symfony/lib/vendor/symfony/lib/filter/sfFilterChain.class.php(53): ExceptionCatcherFilter->execute(Object(sfFilterChain))
#25 /Users/wubin/Documents/Github/www/OrangeHRM/symfony/lib/vendor/symfony/lib/filter/sfBasicSecurityFilter.class.php(72): sfFilterChain->execute()
#26 /Users/wubin/Documents/Github/www/OrangeHRM/symfony/lib/vendor/symfony/lib/filter/sfFilterChain.class.php(53): sfBasicSecurityFilter->execute(Object(sfFilterChain))
#27 /Users/wubin/Documents/Github/www/OrangeHRM/symfony/lib/vendor/symfony/lib/filter/sfRenderingFilter.class.php(33): sfFilterChain->execute()
#28 /Users/wubin/Documents/Github/www/OrangeHRM/symfony/lib/vendor/symfony/lib/filter/sfFilterChain.class.php(53): sfRenderingFilter->execute(Object(sfFilterChain))
#29 /Users/wubin/Documents/Github/www/OrangeHRM/symfony/lib/vendor/symfony/lib/controller/sfController.class.php(238): sfFilterChain->execute()
#30 /Users/wubin/Documents/Github/www/OrangeHRM/symfony/lib/vendor/symfony/lib/controller/sfFrontWebController.class.php(48): sfController->forward('shift', 'rollXML')
#31 /Users/wubin/Documents/Github/www/OrangeHRM/symfony/lib/vendor/symfony/lib/util/sfContext.class.php(173): sfFrontWebController->dispatch()
#32 /Users/wubin/Documents/Github/www/OrangeHRM/symfony/web/index.php(22): sfContext->dispatch()
#33 {main}

Next exception 'DaoException' with message 'Validation failed in class WorkSchedule

  3 fields had validation errors:

    * 1 validator failed on name (notnull)
    * 1 validator failed on copy_type (notnull)
    * 1 validator failed on status (notnull)
' in /Users/wubin/Documents/Github/www/OrangeHRM/symfony/plugins/orangehrmShiftPlugin/lib/dao/ScheduleDao.php:27
Stack trace:
#0 /Users/wubin/Documents/Github/www/OrangeHRM/symfony/plugins/orangehrmShiftPlugin/lib/service/ScheduleService.php(56): ScheduleDao->saveSchedule(Object(WorkSchedule))
#1 /Users/wubin/Documents/Github/www/OrangeHRM/symfony/plugins/orangehrmShiftPlugin/modules/shift/actions/rollXMLAction.class.php(58): ScheduleService->saveSchedule(Object(WorkSchedule))
#2 /Users/wubin/Documents/Github/www/OrangeHRM/symfony/lib/vendor/symfony/lib/filter/sfExecutionFilter.class.php(92): rollXmlAction->execute(Object(sfWebRequest))
#3 /Users/wubin/Documents/Github/www/OrangeHRM/symfony/plugins/orangehrmCorePlugin/lib/filter/orangehrmExecutionFilter.php(42): sfExecutionFilter->executeAction(Object(rollXmlAction))
#4 /Users/wubin/Documents/Github/www/OrangeHRM/symfony/lib/vendor/symfony/lib/filter/sfExecutionFilter.class.php(78): orangehrmExecutionFilter->executeAction(Object(rollXmlAction))
#5 /Users/wubin/Documents/Github/www/OrangeHRM/symfony/lib/vendor/symfony/lib/filter/sfExecutionFilter.class.php(53): sfExecutionFilter->handleAction(Object(sfFilterChain), Object(rollXmlAction))
#6 /Users/wubin/Documents/Github/www/OrangeHRM/symfony/lib/vendor/symfony/lib/filter/sfFilterChain.class.php(53): sfExecutionFilter->execute(Object(sfFilterChain))
#7 /Users/wubin/Documents/Github/www/OrangeHRM/symfony/lib/vendor/symfony/lib/filter/sfCommonFilter.class.php(29): sfFilterChain->execute()
#8 /Users/wubin/Documents/Github/www/OrangeHRM/symfony/lib/vendor/symfony/lib/filter/sfFilterChain.class.php(53): sfCommonFilter->execute(Object(sfFilterChain))
#9 /Users/wubin/Documents/Github/www/OrangeHRM/symfony/plugins/orangehrmCorePlugin/lib/filter/orangehrmPostExecutionFilter.php(22): sfFilterChain->execute()
#10 /Users/wubin/Documents/Github/www/OrangeHRM/symfony/lib/vendor/symfony/lib/filter/sfFilterChain.class.php(53): orangehrmPostExecutionFilter->execute(Object(sfFilterChain))
#11 /Users/wubin/Documents/Github/www/OrangeHRM/symfony/apps/orangehrm/lib/filter/ModuleFilter.php(56): sfFilterChain->execute()
#12 /Users/wubin/Documents/Github/www/OrangeHRM/symfony/lib/vendor/symfony/lib/filter/sfFilterChain.class.php(53): ModuleFilter->execute(Object(sfFilterChain))
#13 /Users/wubin/Documents/Github/www/OrangeHRM/symfony/plugins/orangehrmCorePlugin/lib/authorization/filter/ohrmAuthorizationFilter.php(101): sfFilterChain->execute()
#14 /Users/wubin/Documents/Github/www/OrangeHRM/symfony/lib/vendor/symfony/lib/filter/sfFilterChain.class.php(53): ohrmAuthorizationFilter->execute(Object(sfFilterChain))
#15 /Users/wubin/Documents/Github/www/OrangeHRM/symfony/apps/orangehrm/lib/filter/SessionInfoFetcherFilter.php(67): sfFilterChain->execute()
#16 /Users/wubin/Documents/Github/www/OrangeHRM/symfony/lib/vendor/symfony/lib/filter/sfFilterChain.class.php(53): SessionInfoFetcherFilter->execute(Object(sfFilterChain))
#17 /Users/wubin/Documents/Github/www/OrangeHRM/symfony/apps/orangehrm/lib/filter/OrangeI18NFilter.php(58): sfFilterChain->execute()
#18 /Users/wubin/Documents/Github/www/OrangeHRM/symfony/lib/vendor/symfony/lib/filter/sfFilterChain.class.php(53): OrangeI18NFilter->execute(Object(sfFilterChain))
#19 /Users/wubin/Documents/Github/www/OrangeHRM/symfony/apps/orangehrm/lib/filter/ExceptionCatcherFilter.php(26): sfFilterChain->execute()
#20 /Users/wubin/Documents/Github/www/OrangeHRM/symfony/lib/vendor/symfony/lib/filter/sfFilterChain.class.php(53): ExceptionCatcherFilter->execute(Object(sfFilterChain))
#21 /Users/wubin/Documents/Github/www/OrangeHRM/symfony/lib/vendor/symfony/lib/filter/sfBasicSecurityFilter.class.php(72): sfFilterChain->execute()
#22 /Users/wubin/Documents/Github/www/OrangeHRM/symfony/lib/vendor/symfony/lib/filter/sfFilterChain.class.php(53): sfBasicSecurityFilter->execute(Object(sfFilterChain))
#23 /Users/wubin/Documents/Github/www/OrangeHRM/symfony/lib/vendor/symfony/lib/filter/sfRenderingFilter.class.php(33): sfFilterChain->execute()
#24 /Users/wubin/Documents/Github/www/OrangeHRM/symfony/lib/vendor/symfony/lib/filter/sfFilterChain.class.php(53): sfRenderingFilter->execute(Object(sfFilterChain))
#25 /Users/wubin/Documents/Github/www/OrangeHRM/symfony/lib/vendor/symfony/lib/controller/sfController.class.php(238): sfFilterChain->execute()
#26 /Users/wubin/Documents/Github/www/OrangeHRM/symfony/lib/vendor/symfony/lib/controller/sfFrontWebController.class.php(48): sfController->forward('shift', 'rollXML')
#27 /Users/wubin/Documents/Github/www/OrangeHRM/symfony/lib/vendor/symfony/lib/util/sfContext.class.php(173): sfFrontWebController->dispatch()
#28 /Users/wubin/Documents/Github/www/OrangeHRM/symfony/web/index.php(22): sfContext->dispatch()
#29 {main}
[26-Dec-2017 14:11:13 Asia/Shanghai] Empty module and/or action after parsing the URL "/webres_598bd8c4489f52.47381308/themes/default/images/error-btn.png" (/).
二 12/26 14:11:24 2017,705 [3512] ERROR filter.ExceptionCatcherFilter - Uncaught Exception: exception 'Doctrine_Validator_Exception' with message 'Validation failed in class WorkSchedule

  3 fields had validation errors:

    * 1 validator failed on name (notnull)
    * 1 validator failed on copy_type (notnull)
    * 1 validator failed on status (notnull)
' in /Users/wubin/Documents/Github/www/OrangeHRM/symfony/lib/vendor/lexpress/doctrine1/lib/Doctrine/Transaction.php:265
Stack trace:
#0 /Users/wubin/Documents/Github/www/OrangeHRM/symfony/lib/vendor/lexpress/doctrine1/lib/Doctrine/Connection.php(1447): Doctrine_Transaction->commit(NULL)
#1 /Users/wubin/Documents/Github/www/OrangeHRM/symfony/lib/vendor/lexpress/doctrine1/lib/Doctrine/Connection/UnitOfWork.php(148): Doctrine_Connection->commit()
#2 /Users/wubin/Documents/Github/www/OrangeHRM/symfony/lib/vendor/lexpress/doctrine1/lib/Doctrine/Record.php(1718): Doctrine_Connection_UnitOfWork->saveGraph(Object(WorkSchedule))
#3 /Users/wubin/Documents/Github/www/OrangeHRM/symfony/plugins/orangehrmShiftPlugin/lib/dao/ScheduleDao.php(25): Doctrine_Record->save()
#4 /Users/wubin/Documents/Github/www/OrangeHRM/symfony/plugins/orangehrmShiftPlugin/lib/service/ScheduleService.php(56): ScheduleDao->saveSchedule(Object(WorkSchedule))
#5 /Users/wubin/Documents/Github/www/OrangeHRM/symfony/plugins/orangehrmShiftPlugin/modules/shift/actions/rollXMLAction.class.php(58): ScheduleService->saveSchedule(Object(WorkSchedule))
#6 /Users/wubin/Documents/Github/www/OrangeHRM/symfony/lib/vendor/symfony/lib/filter/sfExecutionFilter.class.php(92): rollXmlAction->execute(Object(sfWebRequest))
#7 /Users/wubin/Documents/Github/www/OrangeHRM/symfony/plugins/orangehrmCorePlugin/lib/filter/orangehrmExecutionFilter.php(42): sfExecutionFilter->executeAction(Object(rollXmlAction))
#8 /Users/wubin/Documents/Github/www/OrangeHRM/symfony/lib/vendor/symfony/lib/filter/sfExecutionFilter.class.php(78): orangehrmExecutionFilter->executeAction(Object(rollXmlAction))
#9 /Users/wubin/Documents/Github/www/OrangeHRM/symfony/lib/vendor/symfony/lib/filter/sfExecutionFilter.class.php(53): sfExecutionFilter->handleAction(Object(sfFilterChain), Object(rollXmlAction))
#10 /Users/wubin/Documents/Github/www/OrangeHRM/symfony/lib/vendor/symfony/lib/filter/sfFilterChain.class.php(53): sfExecutionFilter->execute(Object(sfFilterChain))
#11 /Users/wubin/Documents/Github/www/OrangeHRM/symfony/lib/vendor/symfony/lib/filter/sfCommonFilter.class.php(29): sfFilterChain->execute()
#12 /Users/wubin/Documents/Github/www/OrangeHRM/symfony/lib/vendor/symfony/lib/filter/sfFilterChain.class.php(53): sfCommonFilter->execute(Object(sfFilterChain))
#13 /Users/wubin/Documents/Github/www/OrangeHRM/symfony/plugins/orangehrmCorePlugin/lib/filter/orangehrmPostExecutionFilter.php(22): sfFilterChain->execute()
#14 /Users/wubin/Documents/Github/www/OrangeHRM/symfony/lib/vendor/symfony/lib/filter/sfFilterChain.class.php(53): orangehrmPostExecutionFilter->execute(Object(sfFilterChain))
#15 /Users/wubin/Documents/Github/www/OrangeHRM/symfony/apps/orangehrm/lib/filter/ModuleFilter.php(56): sfFilterChain->execute()
#16 /Users/wubin/Documents/Github/www/OrangeHRM/symfony/lib/vendor/symfony/lib/filter/sfFilterChain.class.php(53): ModuleFilter->execute(Object(sfFilterChain))
#17 /Users/wubin/Documents/Github/www/OrangeHRM/symfony/plugins/orangehrmCorePlugin/lib/authorization/filter/ohrmAuthorizationFilter.php(101): sfFilterChain->execute()
#18 /Users/wubin/Documents/Github/www/OrangeHRM/symfony/lib/vendor/symfony/lib/filter/sfFilterChain.class.php(53): ohrmAuthorizationFilter->execute(Object(sfFilterChain))
#19 /Users/wubin/Documents/Github/www/OrangeHRM/symfony/apps/orangehrm/lib/filter/SessionInfoFetcherFilter.php(67): sfFilterChain->execute()
#20 /Users/wubin/Documents/Github/www/OrangeHRM/symfony/lib/vendor/symfony/lib/filter/sfFilterChain.class.php(53): SessionInfoFetcherFilter->execute(Object(sfFilterChain))
#21 /Users/wubin/Documents/Github/www/OrangeHRM/symfony/apps/orangehrm/lib/filter/OrangeI18NFilter.php(58): sfFilterChain->execute()
#22 /Users/wubin/Documents/Github/www/OrangeHRM/symfony/lib/vendor/symfony/lib/filter/sfFilterChain.class.php(53): OrangeI18NFilter->execute(Object(sfFilterChain))
#23 /Users/wubin/Documents/Github/www/OrangeHRM/symfony/apps/orangehrm/lib/filter/ExceptionCatcherFilter.php(26): sfFilterChain->execute()
#24 /Users/wubin/Documents/Github/www/OrangeHRM/symfony/lib/vendor/symfony/lib/filter/sfFilterChain.class.php(53): ExceptionCatcherFilter->execute(Object(sfFilterChain))
#25 /Users/wubin/Documents/Github/www/OrangeHRM/symfony/lib/vendor/symfony/lib/filter/sfBasicSecurityFilter.class.php(72): sfFilterChain->execute()
#26 /Users/wubin/Documents/Github/www/OrangeHRM/symfony/lib/vendor/symfony/lib/filter/sfFilterChain.class.php(53): sfBasicSecurityFilter->execute(Object(sfFilterChain))
#27 /Users/wubin/Documents/Github/www/OrangeHRM/symfony/lib/vendor/symfony/lib/filter/sfRenderingFilter.class.php(33): sfFilterChain->execute()
#28 /Users/wubin/Documents/Github/www/OrangeHRM/symfony/lib/vendor/symfony/lib/filter/sfFilterChain.class.php(53): sfRenderingFilter->execute(Object(sfFilterChain))
#29 /Users/wubin/Documents/Github/www/OrangeHRM/symfony/lib/vendor/symfony/lib/controller/sfController.class.php(238): sfFilterChain->execute()
#30 /Users/wubin/Documents/Github/www/OrangeHRM/symfony/lib/vendor/symfony/lib/controller/sfFrontWebController.class.php(48): sfController->forward('shift', 'rollXML')
#31 /Users/wubin/Documents/Github/www/OrangeHRM/symfony/lib/vendor/symfony/lib/util/sfContext.class.php(173): sfFrontWebController->dispatch()
#32 /Users/wubin/Documents/Github/www/OrangeHRM/symfony/web/index.php(22): sfContext->dispatch()
#33 {main}

Next exception 'DaoException' with message 'Validation failed in class WorkSchedule

  3 fields had validation errors:

    * 1 validator failed on name (notnull)
    * 1 validator failed on copy_type (notnull)
    * 1 validator failed on status (notnull)
' in /Users/wubin/Documents/Github/www/OrangeHRM/symfony/plugins/orangehrmShiftPlugin/lib/dao/ScheduleDao.php:27
Stack trace:
#0 /Users/wubin/Documents/Github/www/OrangeHRM/symfony/plugins/orangehrmShiftPlugin/lib/service/ScheduleService.php(56): ScheduleDao->saveSchedule(Object(WorkSchedule))
#1 /Users/wubin/Documents/Github/www/OrangeHRM/symfony/plugins/orangehrmShiftPlugin/modules/shift/actions/rollXMLAction.class.php(58): ScheduleService->saveSchedule(Object(WorkSchedule))
#2 /Users/wubin/Documents/Github/www/OrangeHRM/symfony/lib/vendor/symfony/lib/filter/sfExecutionFilter.class.php(92): rollXmlAction->execute(Object(sfWebRequest))
#3 /Users/wubin/Documents/Github/www/OrangeHRM/symfony/plugins/orangehrmCorePlugin/lib/filter/orangehrmExecutionFilter.php(42): sfExecutionFilter->executeAction(Object(rollXmlAction))
#4 /Users/wubin/Documents/Github/www/OrangeHRM/symfony/lib/vendor/symfony/lib/filter/sfExecutionFilter.class.php(78): orangehrmExecutionFilter->executeAction(Object(rollXmlAction))
#5 /Users/wubin/Documents/Github/www/OrangeHRM/symfony/lib/vendor/symfony/lib/filter/sfExecutionFilter.class.php(53): sfExecutionFilter->handleAction(Object(sfFilterChain), Object(rollXmlAction))
#6 /Users/wubin/Documents/Github/www/OrangeHRM/symfony/lib/vendor/symfony/lib/filter/sfFilterChain.class.php(53): sfExecutionFilter->execute(Object(sfFilterChain))
#7 /Users/wubin/Documents/Github/www/OrangeHRM/symfony/lib/vendor/symfony/lib/filter/sfCommonFilter.class.php(29): sfFilterChain->execute()
#8 /Users/wubin/Documents/Github/www/OrangeHRM/symfony/lib/vendor/symfony/lib/filter/sfFilterChain.class.php(53): sfCommonFilter->execute(Object(sfFilterChain))
#9 /Users/wubin/Documents/Github/www/OrangeHRM/symfony/plugins/orangehrmCorePlugin/lib/filter/orangehrmPostExecutionFilter.php(22): sfFilterChain->execute()
#10 /Users/wubin/Documents/Github/www/OrangeHRM/symfony/lib/vendor/symfony/lib/filter/sfFilterChain.class.php(53): orangehrmPostExecutionFilter->execute(Object(sfFilterChain))
#11 /Users/wubin/Documents/Github/www/OrangeHRM/symfony/apps/orangehrm/lib/filter/ModuleFilter.php(56): sfFilterChain->execute()
#12 /Users/wubin/Documents/Github/www/OrangeHRM/symfony/lib/vendor/symfony/lib/filter/sfFilterChain.class.php(53): ModuleFilter->execute(Object(sfFilterChain))
#13 /Users/wubin/Documents/Github/www/OrangeHRM/symfony/plugins/orangehrmCorePlugin/lib/authorization/filter/ohrmAuthorizationFilter.php(101): sfFilterChain->execute()
#14 /Users/wubin/Documents/Github/www/OrangeHRM/symfony/lib/vendor/symfony/lib/filter/sfFilterChain.class.php(53): ohrmAuthorizationFilter->execute(Object(sfFilterChain))
#15 /Users/wubin/Documents/Github/www/OrangeHRM/symfony/apps/orangehrm/lib/filter/SessionInfoFetcherFilter.php(67): sfFilterChain->execute()
#16 /Users/wubin/Documents/Github/www/OrangeHRM/symfony/lib/vendor/symfony/lib/filter/sfFilterChain.class.php(53): SessionInfoFetcherFilter->execute(Object(sfFilterChain))
#17 /Users/wubin/Documents/Github/www/OrangeHRM/symfony/apps/orangehrm/lib/filter/OrangeI18NFilter.php(58): sfFilterChain->execute()
#18 /Users/wubin/Documents/Github/www/OrangeHRM/symfony/lib/vendor/symfony/lib/filter/sfFilterChain.class.php(53): OrangeI18NFilter->execute(Object(sfFilterChain))
#19 /Users/wubin/Documents/Github/www/OrangeHRM/symfony/apps/orangehrm/lib/filter/ExceptionCatcherFilter.php(26): sfFilterChain->execute()
#20 /Users/wubin/Documents/Github/www/OrangeHRM/symfony/lib/vendor/symfony/lib/filter/sfFilterChain.class.php(53): ExceptionCatcherFilter->execute(Object(sfFilterChain))
#21 /Users/wubin/Documents/Github/www/OrangeHRM/symfony/lib/vendor/symfony/lib/filter/sfBasicSecurityFilter.class.php(72): sfFilterChain->execute()
#22 /Users/wubin/Documents/Github/www/OrangeHRM/symfony/lib/vendor/symfony/lib/filter/sfFilterChain.class.php(53): sfBasicSecurityFilter->execute(Object(sfFilterChain))
#23 /Users/wubin/Documents/Github/www/OrangeHRM/symfony/lib/vendor/symfony/lib/filter/sfRenderingFilter.class.php(33): sfFilterChain->execute()
#24 /Users/wubin/Documents/Github/www/OrangeHRM/symfony/lib/vendor/symfony/lib/filter/sfFilterChain.class.php(53): sfRenderingFilter->execute(Object(sfFilterChain))
#25 /Users/wubin/Documents/Github/www/OrangeHRM/symfony/lib/vendor/symfony/lib/controller/sfController.class.php(238): sfFilterChain->execute()
#26 /Users/wubin/Documents/Github/www/OrangeHRM/symfony/lib/vendor/symfony/lib/controller/sfFrontWebController.class.php(48): sfController->forward('shift', 'rollXML')
#27 /Users/wubin/Documents/Github/www/OrangeHRM/symfony/lib/vendor/symfony/lib/util/sfContext.class.php(173): sfFrontWebController->dispatch()
#28 /Users/wubin/Documents/Github/www/OrangeHRM/symfony/web/index.php(22): sfContext->dispatch()
#29 {main}
[26-Dec-2017 14:11:25 Asia/Shanghai] Empty module and/or action after parsing the URL "/webres_598bd8c4489f52.47381308/themes/default/images/error-btn.png" (/).
二 12/26 14:11:28 2017,881 [3512] ERROR filter.ExceptionCatcherFilter - Uncaught Exception: exception 'Doctrine_Validator_Exception' with message 'Validation failed in class WorkSchedule

  3 fields had validation errors:

    * 1 validator failed on name (notnull)
    * 1 validator failed on copy_type (notnull)
    * 1 validator failed on status (notnull)
' in /Users/wubin/Documents/Github/www/OrangeHRM/symfony/lib/vendor/lexpress/doctrine1/lib/Doctrine/Transaction.php:265
Stack trace:
#0 /Users/wubin/Documents/Github/www/OrangeHRM/symfony/lib/vendor/lexpress/doctrine1/lib/Doctrine/Connection.php(1447): Doctrine_Transaction->commit(NULL)
#1 /Users/wubin/Documents/Github/www/OrangeHRM/symfony/lib/vendor/lexpress/doctrine1/lib/Doctrine/Connection/UnitOfWork.php(148): Doctrine_Connection->commit()
#2 /Users/wubin/Documents/Github/www/OrangeHRM/symfony/lib/vendor/lexpress/doctrine1/lib/Doctrine/Record.php(1718): Doctrine_Connection_UnitOfWork->saveGraph(Object(WorkSchedule))
#3 /Users/wubin/Documents/Github/www/OrangeHRM/symfony/plugins/orangehrmShiftPlugin/lib/dao/ScheduleDao.php(25): Doctrine_Record->save()
#4 /Users/wubin/Documents/Github/www/OrangeHRM/symfony/plugins/orangehrmShiftPlugin/lib/service/ScheduleService.php(56): ScheduleDao->saveSchedule(Object(WorkSchedule))
#5 /Users/wubin/Documents/Github/www/OrangeHRM/symfony/plugins/orangehrmShiftPlugin/modules/shift/actions/rollXMLAction.class.php(58): ScheduleService->saveSchedule(Object(WorkSchedule))
#6 /Users/wubin/Documents/Github/www/OrangeHRM/symfony/lib/vendor/symfony/lib/filter/sfExecutionFilter.class.php(92): rollXmlAction->execute(Object(sfWebRequest))
#7 /Users/wubin/Documents/Github/www/OrangeHRM/symfony/plugins/orangehrmCorePlugin/lib/filter/orangehrmExecutionFilter.php(42): sfExecutionFilter->executeAction(Object(rollXmlAction))
#8 /Users/wubin/Documents/Github/www/OrangeHRM/symfony/lib/vendor/symfony/lib/filter/sfExecutionFilter.class.php(78): orangehrmExecutionFilter->executeAction(Object(rollXmlAction))
#9 /Users/wubin/Documents/Github/www/OrangeHRM/symfony/lib/vendor/symfony/lib/filter/sfExecutionFilter.class.php(53): sfExecutionFilter->handleAction(Object(sfFilterChain), Object(rollXmlAction))
#10 /Users/wubin/Documents/Github/www/OrangeHRM/symfony/lib/vendor/symfony/lib/filter/sfFilterChain.class.php(53): sfExecutionFilter->execute(Object(sfFilterChain))
#11 /Users/wubin/Documents/Github/www/OrangeHRM/symfony/lib/vendor/symfony/lib/filter/sfCommonFilter.class.php(29): sfFilterChain->execute()
#12 /Users/wubin/Documents/Github/www/OrangeHRM/symfony/lib/vendor/symfony/lib/filter/sfFilterChain.class.php(53): sfCommonFilter->execute(Object(sfFilterChain))
#13 /Users/wubin/Documents/Github/www/OrangeHRM/symfony/plugins/orangehrmCorePlugin/lib/filter/orangehrmPostExecutionFilter.php(22): sfFilterChain->execute()
#14 /Users/wubin/Documents/Github/www/OrangeHRM/symfony/lib/vendor/symfony/lib/filter/sfFilterChain.class.php(53): orangehrmPostExecutionFilter->execute(Object(sfFilterChain))
#15 /Users/wubin/Documents/Github/www/OrangeHRM/symfony/apps/orangehrm/lib/filter/ModuleFilter.php(56): sfFilterChain->execute()
#16 /Users/wubin/Documents/Github/www/OrangeHRM/symfony/lib/vendor/symfony/lib/filter/sfFilterChain.class.php(53): ModuleFilter->execute(Object(sfFilterChain))
#17 /Users/wubin/Documents/Github/www/OrangeHRM/symfony/plugins/orangehrmCorePlugin/lib/authorization/filter/ohrmAuthorizationFilter.php(101): sfFilterChain->execute()
#18 /Users/wubin/Documents/Github/www/OrangeHRM/symfony/lib/vendor/symfony/lib/filter/sfFilterChain.class.php(53): ohrmAuthorizationFilter->execute(Object(sfFilterChain))
#19 /Users/wubin/Documents/Github/www/OrangeHRM/symfony/apps/orangehrm/lib/filter/SessionInfoFetcherFilter.php(67): sfFilterChain->execute()
#20 /Users/wubin/Documents/Github/www/OrangeHRM/symfony/lib/vendor/symfony/lib/filter/sfFilterChain.class.php(53): SessionInfoFetcherFilter->execute(Object(sfFilterChain))
#21 /Users/wubin/Documents/Github/www/OrangeHRM/symfony/apps/orangehrm/lib/filter/OrangeI18NFilter.php(58): sfFilterChain->execute()
#22 /Users/wubin/Documents/Github/www/OrangeHRM/symfony/lib/vendor/symfony/lib/filter/sfFilterChain.class.php(53): OrangeI18NFilter->execute(Object(sfFilterChain))
#23 /Users/wubin/Documents/Github/www/OrangeHRM/symfony/apps/orangehrm/lib/filter/ExceptionCatcherFilter.php(26): sfFilterChain->execute()
#24 /Users/wubin/Documents/Github/www/OrangeHRM/symfony/lib/vendor/symfony/lib/filter/sfFilterChain.class.php(53): ExceptionCatcherFilter->execute(Object(sfFilterChain))
#25 /Users/wubin/Documents/Github/www/OrangeHRM/symfony/lib/vendor/symfony/lib/filter/sfBasicSecurityFilter.class.php(72): sfFilterChain->execute()
#26 /Users/wubin/Documents/Github/www/OrangeHRM/symfony/lib/vendor/symfony/lib/filter/sfFilterChain.class.php(53): sfBasicSecurityFilter->execute(Object(sfFilterChain))
#27 /Users/wubin/Documents/Github/www/OrangeHRM/symfony/lib/vendor/symfony/lib/filter/sfRenderingFilter.class.php(33): sfFilterChain->execute()
#28 /Users/wubin/Documents/Github/www/OrangeHRM/symfony/lib/vendor/symfony/lib/filter/sfFilterChain.class.php(53): sfRenderingFilter->execute(Object(sfFilterChain))
#29 /Users/wubin/Documents/Github/www/OrangeHRM/symfony/lib/vendor/symfony/lib/controller/sfController.class.php(238): sfFilterChain->execute()
#30 /Users/wubin/Documents/Github/www/OrangeHRM/symfony/lib/vendor/symfony/lib/controller/sfFrontWebController.class.php(48): sfController->forward('shift', 'rollXML')
#31 /Users/wubin/Documents/Github/www/OrangeHRM/symfony/lib/vendor/symfony/lib/util/sfContext.class.php(173): sfFrontWebController->dispatch()
#32 /Users/wubin/Documents/Github/www/OrangeHRM/symfony/web/index.php(22): sfContext->dispatch()
#33 {main}

Next exception 'DaoException' with message 'Validation failed in class WorkSchedule

  3 fields had validation errors:

    * 1 validator failed on name (notnull)
    * 1 validator failed on copy_type (notnull)
    * 1 validator failed on status (notnull)
' in /Users/wubin/Documents/Github/www/OrangeHRM/symfony/plugins/orangehrmShiftPlugin/lib/dao/ScheduleDao.php:27
Stack trace:
#0 /Users/wubin/Documents/Github/www/OrangeHRM/symfony/plugins/orangehrmShiftPlugin/lib/service/ScheduleService.php(56): ScheduleDao->saveSchedule(Object(WorkSchedule))
#1 /Users/wubin/Documents/Github/www/OrangeHRM/symfony/plugins/orangehrmShiftPlugin/modules/shift/actions/rollXMLAction.class.php(58): ScheduleService->saveSchedule(Object(WorkSchedule))
#2 /Users/wubin/Documents/Github/www/OrangeHRM/symfony/lib/vendor/symfony/lib/filter/sfExecutionFilter.class.php(92): rollXmlAction->execute(Object(sfWebRequest))
#3 /Users/wubin/Documents/Github/www/OrangeHRM/symfony/plugins/orangehrmCorePlugin/lib/filter/orangehrmExecutionFilter.php(42): sfExecutionFilter->executeAction(Object(rollXmlAction))
#4 /Users/wubin/Documents/Github/www/OrangeHRM/symfony/lib/vendor/symfony/lib/filter/sfExecutionFilter.class.php(78): orangehrmExecutionFilter->executeAction(Object(rollXmlAction))
#5 /Users/wubin/Documents/Github/www/OrangeHRM/symfony/lib/vendor/symfony/lib/filter/sfExecutionFilter.class.php(53): sfExecutionFilter->handleAction(Object(sfFilterChain), Object(rollXmlAction))
#6 /Users/wubin/Documents/Github/www/OrangeHRM/symfony/lib/vendor/symfony/lib/filter/sfFilterChain.class.php(53): sfExecutionFilter->execute(Object(sfFilterChain))
#7 /Users/wubin/Documents/Github/www/OrangeHRM/symfony/lib/vendor/symfony/lib/filter/sfCommonFilter.class.php(29): sfFilterChain->execute()
#8 /Users/wubin/Documents/Github/www/OrangeHRM/symfony/lib/vendor/symfony/lib/filter/sfFilterChain.class.php(53): sfCommonFilter->execute(Object(sfFilterChain))
#9 /Users/wubin/Documents/Github/www/OrangeHRM/symfony/plugins/orangehrmCorePlugin/lib/filter/orangehrmPostExecutionFilter.php(22): sfFilterChain->execute()
#10 /Users/wubin/Documents/Github/www/OrangeHRM/symfony/lib/vendor/symfony/lib/filter/sfFilterChain.class.php(53): orangehrmPostExecutionFilter->execute(Object(sfFilterChain))
#11 /Users/wubin/Documents/Github/www/OrangeHRM/symfony/apps/orangehrm/lib/filter/ModuleFilter.php(56): sfFilterChain->execute()
#12 /Users/wubin/Documents/Github/www/OrangeHRM/symfony/lib/vendor/symfony/lib/filter/sfFilterChain.class.php(53): ModuleFilter->execute(Object(sfFilterChain))
#13 /Users/wubin/Documents/Github/www/OrangeHRM/symfony/plugins/orangehrmCorePlugin/lib/authorization/filter/ohrmAuthorizationFilter.php(101): sfFilterChain->execute()
#14 /Users/wubin/Documents/Github/www/OrangeHRM/symfony/lib/vendor/symfony/lib/filter/sfFilterChain.class.php(53): ohrmAuthorizationFilter->execute(Object(sfFilterChain))
#15 /Users/wubin/Documents/Github/www/OrangeHRM/symfony/apps/orangehrm/lib/filter/SessionInfoFetcherFilter.php(67): sfFilterChain->execute()
#16 /Users/wubin/Documents/Github/www/OrangeHRM/symfony/lib/vendor/symfony/lib/filter/sfFilterChain.class.php(53): SessionInfoFetcherFilter->execute(Object(sfFilterChain))
#17 /Users/wubin/Documents/Github/www/OrangeHRM/symfony/apps/orangehrm/lib/filter/OrangeI18NFilter.php(58): sfFilterChain->execute()
#18 /Users/wubin/Documents/Github/www/OrangeHRM/symfony/lib/vendor/symfony/lib/filter/sfFilterChain.class.php(53): OrangeI18NFilter->execute(Object(sfFilterChain))
#19 /Users/wubin/Documents/Github/www/OrangeHRM/symfony/apps/orangehrm/lib/filter/ExceptionCatcherFilter.php(26): sfFilterChain->execute()
#20 /Users/wubin/Documents/Github/www/OrangeHRM/symfony/lib/vendor/symfony/lib/filter/sfFilterChain.class.php(53): ExceptionCatcherFilter->execute(Object(sfFilterChain))
#21 /Users/wubin/Documents/Github/www/OrangeHRM/symfony/lib/vendor/symfony/lib/filter/sfBasicSecurityFilter.class.php(72): sfFilterChain->execute()
#22 /Users/wubin/Documents/Github/www/OrangeHRM/symfony/lib/vendor/symfony/lib/filter/sfFilterChain.class.php(53): sfBasicSecurityFilter->execute(Object(sfFilterChain))
#23 /Users/wubin/Documents/Github/www/OrangeHRM/symfony/lib/vendor/symfony/lib/filter/sfRenderingFilter.class.php(33): sfFilterChain->execute()
#24 /Users/wubin/Documents/Github/www/OrangeHRM/symfony/lib/vendor/symfony/lib/filter/sfFilterChain.class.php(53): sfRenderingFilter->execute(Object(sfFilterChain))
#25 /Users/wubin/Documents/Github/www/OrangeHRM/symfony/lib/vendor/symfony/lib/controller/sfController.class.php(238): sfFilterChain->execute()
#26 /Users/wubin/Documents/Github/www/OrangeHRM/symfony/lib/vendor/symfony/lib/controller/sfFrontWebController.class.php(48): sfController->forward('shift', 'rollXML')
#27 /Users/wubin/Documents/Github/www/OrangeHRM/symfony/lib/vendor/symfony/lib/util/sfContext.class.php(173): sfFrontWebController->dispatch()
#28 /Users/wubin/Documents/Github/www/OrangeHRM/symfony/web/index.php(22): sfContext->dispatch()
#29 {main}
[26-Dec-2017 14:11:29 Asia/Shanghai] Empty module and/or action after parsing the URL "/webres_598bd8c4489f52.47381308/themes/default/images/error-btn.png" (/).
二 12/26 14:11:55 2017,713 [3497] ERROR filter.ExceptionCatcherFilter - Uncaught Exception: exception 'Doctrine_Validator_Exception' with message 'Validation failed in class WorkShiftResult

  1 field had validation error:

    * 1 validator failed on shift_type_id (type)
' in /Users/wubin/Documents/Github/www/OrangeHRM/symfony/lib/vendor/lexpress/doctrine1/lib/Doctrine/Transaction.php:265
Stack trace:
#0 /Users/wubin/Documents/Github/www/OrangeHRM/symfony/lib/vendor/lexpress/doctrine1/lib/Doctrine/Connection.php(1447): Doctrine_Transaction->commit(NULL)
#1 /Users/wubin/Documents/Github/www/OrangeHRM/symfony/lib/vendor/lexpress/doctrine1/lib/Doctrine/Connection/UnitOfWork.php(148): Doctrine_Connection->commit()
#2 /Users/wubin/Documents/Github/www/OrangeHRM/symfony/lib/vendor/lexpress/doctrine1/lib/Doctrine/Record.php(1718): Doctrine_Connection_UnitOfWork->saveGraph(Object(WorkShiftResult))
#3 /Users/wubin/Documents/Github/www/OrangeHRM/symfony/plugins/orangehrmShiftPlugin/lib/dao/ShiftDao.php(144): Doctrine_Record->save()
#4 /Users/wubin/Documents/Github/www/OrangeHRM/symfony/plugins/orangehrmShiftPlugin/lib/service/ShiftService.php(64): ShiftDao->saveShiftResult(Object(WorkShiftResult))
#5 /Users/wubin/Documents/Github/www/OrangeHRM/symfony/plugins/orangehrmShiftPlugin/lib/service/ShiftService.php(2324): ShiftService->saveShiftResult(Object(WorkShiftResult))
#6 /Users/wubin/Documents/Github/www/OrangeHRM/symfony/plugins/orangehrmShiftPlugin/modules/shift/actions/runJavaAction.class.php(22): ShiftService->setRosterResult('84')
#7 /Users/wubin/Documents/Github/www/OrangeHRM/symfony/lib/vendor/symfony/lib/filter/sfExecutionFilter.class.php(92): runJavaAction->execute(Object(sfWebRequest))
#8 /Users/wubin/Documents/Github/www/OrangeHRM/symfony/plugins/orangehrmCorePlugin/lib/filter/orangehrmExecutionFilter.php(42): sfExecutionFilter->executeAction(Object(runJavaAction))
#9 /Users/wubin/Documents/Github/www/OrangeHRM/symfony/lib/vendor/symfony/lib/filter/sfExecutionFilter.class.php(78): orangehrmExecutionFilter->executeAction(Object(runJavaAction))
#10 /Users/wubin/Documents/Github/www/OrangeHRM/symfony/lib/vendor/symfony/lib/filter/sfExecutionFilter.class.php(53): sfExecutionFilter->handleAction(Object(sfFilterChain), Object(runJavaAction))
#11 /Users/wubin/Documents/Github/www/OrangeHRM/symfony/lib/vendor/symfony/lib/filter/sfFilterChain.class.php(53): sfExecutionFilter->execute(Object(sfFilterChain))
#12 /Users/wubin/Documents/Github/www/OrangeHRM/symfony/lib/vendor/symfony/lib/filter/sfCommonFilter.class.php(29): sfFilterChain->execute()
#13 /Users/wubin/Documents/Github/www/OrangeHRM/symfony/lib/vendor/symfony/lib/filter/sfFilterChain.class.php(53): sfCommonFilter->execute(Object(sfFilterChain))
#14 /Users/wubin/Documents/Github/www/OrangeHRM/symfony/plugins/orangehrmCorePlugin/lib/filter/orangehrmPostExecutionFilter.php(22): sfFilterChain->execute()
#15 /Users/wubin/Documents/Github/www/OrangeHRM/symfony/lib/vendor/symfony/lib/filter/sfFilterChain.class.php(53): orangehrmPostExecutionFilter->execute(Object(sfFilterChain))
#16 /Users/wubin/Documents/Github/www/OrangeHRM/symfony/apps/orangehrm/lib/filter/ModuleFilter.php(56): sfFilterChain->execute()
#17 /Users/wubin/Documents/Github/www/OrangeHRM/symfony/lib/vendor/symfony/lib/filter/sfFilterChain.class.php(53): ModuleFilter->execute(Object(sfFilterChain))
#18 /Users/wubin/Documents/Github/www/OrangeHRM/symfony/plugins/orangehrmCorePlugin/lib/authorization/filter/ohrmAuthorizationFilter.php(101): sfFilterChain->execute()
#19 /Users/wubin/Documents/Github/www/OrangeHRM/symfony/lib/vendor/symfony/lib/filter/sfFilterChain.class.php(53): ohrmAuthorizationFilter->execute(Object(sfFilterChain))
#20 /Users/wubin/Documents/Github/www/OrangeHRM/symfony/apps/orangehrm/lib/filter/SessionInfoFetcherFilter.php(67): sfFilterChain->execute()
#21 /Users/wubin/Documents/Github/www/OrangeHRM/symfony/lib/vendor/symfony/lib/filter/sfFilterChain.class.php(53): SessionInfoFetcherFilter->execute(Object(sfFilterChain))
#22 /Users/wubin/Documents/Github/www/OrangeHRM/symfony/apps/orangehrm/lib/filter/OrangeI18NFilter.php(58): sfFilterChain->execute()
#23 /Users/wubin/Documents/Github/www/OrangeHRM/symfony/lib/vendor/symfony/lib/filter/sfFilterChain.class.php(53): OrangeI18NFilter->execute(Object(sfFilterChain))
#24 /Users/wubin/Documents/Github/www/OrangeHRM/symfony/apps/orangehrm/lib/filter/ExceptionCatcherFilter.php(26): sfFilterChain->execute()
#25 /Users/wubin/Documents/Github/www/OrangeHRM/symfony/lib/vendor/symfony/lib/filter/sfFilterChain.class.php(53): ExceptionCatcherFilter->execute(Object(sfFilterChain))
#26 /Users/wubin/Documents/Github/www/OrangeHRM/symfony/lib/vendor/symfony/lib/filter/sfBasicSecurityFilter.class.php(72): sfFilterChain->execute()
#27 /Users/wubin/Documents/Github/www/OrangeHRM/symfony/lib/vendor/symfony/lib/filter/sfFilterChain.class.php(53): sfBasicSecurityFilter->execute(Object(sfFilterChain))
#28 /Users/wubin/Documents/Github/www/OrangeHRM/symfony/lib/vendor/symfony/lib/filter/sfRenderingFilter.class.php(33): sfFilterChain->execute()
#29 /Users/wubin/Documents/Github/www/OrangeHRM/symfony/lib/vendor/symfony/lib/filter/sfFilterChain.class.php(53): sfRenderingFilter->execute(Object(sfFilterChain))
#30 /Users/wubin/Documents/Github/www/OrangeHRM/symfony/lib/vendor/symfony/lib/controller/sfController.class.php(238): sfFilterChain->execute()
#31 /Users/wubin/Documents/Github/www/OrangeHRM/symfony/lib/vendor/symfony/lib/controller/sfFrontWebController.class.php(48): sfController->forward('shift', 'runJava')
#32 /Users/wubin/Documents/Github/www/OrangeHRM/symfony/lib/vendor/symfony/lib/util/sfContext.class.php(173): sfFrontWebController->dispatch()
#33 /Users/wubin/Documents/Github/www/OrangeHRM/symfony/web/index.php(22): sfContext->dispatch()
#34 {main}

Next exception 'DaoException' with message 'Validation failed in class WorkShiftResult

  1 field had validation error:

    * 1 validator failed on shift_type_id (type)
' in /Users/wubin/Documents/Github/www/OrangeHRM/symfony/plugins/orangehrmShiftPlugin/lib/dao/ShiftDao.php:146
Stack trace:
#0 /Users/wubin/Documents/Github/www/OrangeHRM/symfony/plugins/orangehrmShiftPlugin/lib/service/ShiftService.php(64): ShiftDao->saveShiftResult(Object(WorkShiftResult))
#1 /Users/wubin/Documents/Github/www/OrangeHRM/symfony/plugins/orangehrmShiftPlugin/lib/service/ShiftService.php(2324): ShiftService->saveShiftResult(Object(WorkShiftResult))
#2 /Users/wubin/Documents/Github/www/OrangeHRM/symfony/plugins/orangehrmShiftPlugin/modules/shift/actions/runJavaAction.class.php(22): ShiftService->setRosterResult('84')
#3 /Users/wubin/Documents/Github/www/OrangeHRM/symfony/lib/vendor/symfony/lib/filter/sfExecutionFilter.class.php(92): runJavaAction->execute(Object(sfWebRequest))
#4 /Users/wubin/Documents/Github/www/OrangeHRM/symfony/plugins/orangehrmCorePlugin/lib/filter/orangehrmExecutionFilter.php(42): sfExecutionFilter->executeAction(Object(runJavaAction))
#5 /Users/wubin/Documents/Github/www/OrangeHRM/symfony/lib/vendor/symfony/lib/filter/sfExecutionFilter.class.php(78): orangehrmExecutionFilter->executeAction(Object(runJavaAction))
#6 /Users/wubin/Documents/Github/www/OrangeHRM/symfony/lib/vendor/symfony/lib/filter/sfExecutionFilter.class.php(53): sfExecutionFilter->handleAction(Object(sfFilterChain), Object(runJavaAction))
#7 /Users/wubin/Documents/Github/www/OrangeHRM/symfony/lib/vendor/symfony/lib/filter/sfFilterChain.class.php(53): sfExecutionFilter->execute(Object(sfFilterChain))
#8 /Users/wubin/Documents/Github/www/OrangeHRM/symfony/lib/vendor/symfony/lib/filter/sfCommonFilter.class.php(29): sfFilterChain->execute()
#9 /Users/wubin/Documents/Github/www/OrangeHRM/symfony/lib/vendor/symfony/lib/filter/sfFilterChain.class.php(53): sfCommonFilter->execute(Object(sfFilterChain))
#10 /Users/wubin/Documents/Github/www/OrangeHRM/symfony/plugins/orangehrmCorePlugin/lib/filter/orangehrmPostExecutionFilter.php(22): sfFilterChain->execute()
#11 /Users/wubin/Documents/Github/www/OrangeHRM/symfony/lib/vendor/symfony/lib/filter/sfFilterChain.class.php(53): orangehrmPostExecutionFilter->execute(Object(sfFilterChain))
#12 /Users/wubin/Documents/Github/www/OrangeHRM/symfony/apps/orangehrm/lib/filter/ModuleFilter.php(56): sfFilterChain->execute()
#13 /Users/wubin/Documents/Github/www/OrangeHRM/symfony/lib/vendor/symfony/lib/filter/sfFilterChain.class.php(53): ModuleFilter->execute(Object(sfFilterChain))
#14 /Users/wubin/Documents/Github/www/OrangeHRM/symfony/plugins/orangehrmCorePlugin/lib/authorization/filter/ohrmAuthorizationFilter.php(101): sfFilterChain->execute()
#15 /Users/wubin/Documents/Github/www/OrangeHRM/symfony/lib/vendor/symfony/lib/filter/sfFilterChain.class.php(53): ohrmAuthorizationFilter->execute(Object(sfFilterChain))
#16 /Users/wubin/Documents/Github/www/OrangeHRM/symfony/apps/orangehrm/lib/filter/SessionInfoFetcherFilter.php(67): sfFilterChain->execute()
#17 /Users/wubin/Documents/Github/www/OrangeHRM/symfony/lib/vendor/symfony/lib/filter/sfFilterChain.class.php(53): SessionInfoFetcherFilter->execute(Object(sfFilterChain))
#18 /Users/wubin/Documents/Github/www/OrangeHRM/symfony/apps/orangehrm/lib/filter/OrangeI18NFilter.php(58): sfFilterChain->execute()
#19 /Users/wubin/Documents/Github/www/OrangeHRM/symfony/lib/vendor/symfony/lib/filter/sfFilterChain.class.php(53): OrangeI18NFilter->execute(Object(sfFilterChain))
#20 /Users/wubin/Documents/Github/www/OrangeHRM/symfony/apps/orangehrm/lib/filter/ExceptionCatcherFilter.php(26): sfFilterChain->execute()
#21 /Users/wubin/Documents/Github/www/OrangeHRM/symfony/lib/vendor/symfony/lib/filter/sfFilterChain.class.php(53): ExceptionCatcherFilter->execute(Object(sfFilterChain))
#22 /Users/wubin/Documents/Github/www/OrangeHRM/symfony/lib/vendor/symfony/lib/filter/sfBasicSecurityFilter.class.php(72): sfFilterChain->execute()
#23 /Users/wubin/Documents/Github/www/OrangeHRM/symfony/lib/vendor/symfony/lib/filter/sfFilterChain.class.php(53): sfBasicSecurityFilter->execute(Object(sfFilterChain))
#24 /Users/wubin/Documents/Github/www/OrangeHRM/symfony/lib/vendor/symfony/lib/filter/sfRenderingFilter.class.php(33): sfFilterChain->execute()
#25 /Users/wubin/Documents/Github/www/OrangeHRM/symfony/lib/vendor/symfony/lib/filter/sfFilterChain.class.php(53): sfRenderingFilter->execute(Object(sfFilterChain))
#26 /Users/wubin/Documents/Github/www/OrangeHRM/symfony/lib/vendor/symfony/lib/controller/sfController.class.php(238): sfFilterChain->execute()
#27 /Users/wubin/Documents/Github/www/OrangeHRM/symfony/lib/vendor/symfony/lib/controller/sfFrontWebController.class.php(48): sfController->forward('shift', 'runJava')
#28 /Users/wubin/Documents/Github/www/OrangeHRM/symfony/lib/vendor/symfony/lib/util/sfContext.class.php(173): sfFrontWebController->dispatch()
#29 /Users/wubin/Documents/Github/www/OrangeHRM/symfony/web/index.php(22): sfContext->dispatch()
#30 {main}
二 12/26 14:12:28 2017,493 [3512] ERROR filter.ExceptionCatcherFilter - Uncaught Exception: exception 'Doctrine_Validator_Exception' with message 'Validation failed in class WorkShiftResult

  1 field had validation error:

    * 1 validator failed on shift_type_id (type)
' in /Users/wubin/Documents/Github/www/OrangeHRM/symfony/lib/vendor/lexpress/doctrine1/lib/Doctrine/Transaction.php:265
Stack trace:
#0 /Users/wubin/Documents/Github/www/OrangeHRM/symfony/lib/vendor/lexpress/doctrine1/lib/Doctrine/Connection.php(1447): Doctrine_Transaction->commit(NULL)
#1 /Users/wubin/Documents/Github/www/OrangeHRM/symfony/lib/vendor/lexpress/doctrine1/lib/Doctrine/Connection/UnitOfWork.php(148): Doctrine_Connection->commit()
#2 /Users/wubin/Documents/Github/www/OrangeHRM/symfony/lib/vendor/lexpress/doctrine1/lib/Doctrine/Record.php(1718): Doctrine_Connection_UnitOfWork->saveGraph(Object(WorkShiftResult))
#3 /Users/wubin/Documents/Github/www/OrangeHRM/symfony/plugins/orangehrmShiftPlugin/lib/dao/ShiftDao.php(144): Doctrine_Record->save()
#4 /Users/wubin/Documents/Github/www/OrangeHRM/symfony/plugins/orangehrmShiftPlugin/lib/service/ShiftService.php(64): ShiftDao->saveShiftResult(Object(WorkShiftResult))
#5 /Users/wubin/Documents/Github/www/OrangeHRM/symfony/plugins/orangehrmShiftPlugin/lib/service/ShiftService.php(2324): ShiftService->saveShiftResult(Object(WorkShiftResult))
#6 /Users/wubin/Documents/Github/www/OrangeHRM/symfony/plugins/orangehrmShiftPlugin/modules/shift/actions/runJavaAction.class.php(22): ShiftService->setRosterResult('84')
#7 /Users/wubin/Documents/Github/www/OrangeHRM/symfony/lib/vendor/symfony/lib/filter/sfExecutionFilter.class.php(92): runJavaAction->execute(Object(sfWebRequest))
#8 /Users/wubin/Documents/Github/www/OrangeHRM/symfony/plugins/orangehrmCorePlugin/lib/filter/orangehrmExecutionFilter.php(42): sfExecutionFilter->executeAction(Object(runJavaAction))
#9 /Users/wubin/Documents/Github/www/OrangeHRM/symfony/lib/vendor/symfony/lib/filter/sfExecutionFilter.class.php(78): orangehrmExecutionFilter->executeAction(Object(runJavaAction))
#10 /Users/wubin/Documents/Github/www/OrangeHRM/symfony/lib/vendor/symfony/lib/filter/sfExecutionFilter.class.php(53): sfExecutionFilter->handleAction(Object(sfFilterChain), Object(runJavaAction))
#11 /Users/wubin/Documents/Github/www/OrangeHRM/symfony/lib/vendor/symfony/lib/filter/sfFilterChain.class.php(53): sfExecutionFilter->execute(Object(sfFilterChain))
#12 /Users/wubin/Documents/Github/www/OrangeHRM/symfony/lib/vendor/symfony/lib/filter/sfCommonFilter.class.php(29): sfFilterChain->execute()
#13 /Users/wubin/Documents/Github/www/OrangeHRM/symfony/lib/vendor/symfony/lib/filter/sfFilterChain.class.php(53): sfCommonFilter->execute(Object(sfFilterChain))
#14 /Users/wubin/Documents/Github/www/OrangeHRM/symfony/plugins/orangehrmCorePlugin/lib/filter/orangehrmPostExecutionFilter.php(22): sfFilterChain->execute()
#15 /Users/wubin/Documents/Github/www/OrangeHRM/symfony/lib/vendor/symfony/lib/filter/sfFilterChain.class.php(53): orangehrmPostExecutionFilter->execute(Object(sfFilterChain))
#16 /Users/wubin/Documents/Github/www/OrangeHRM/symfony/apps/orangehrm/lib/filter/ModuleFilter.php(56): sfFilterChain->execute()
#17 /Users/wubin/Documents/Github/www/OrangeHRM/symfony/lib/vendor/symfony/lib/filter/sfFilterChain.class.php(53): ModuleFilter->execute(Object(sfFilterChain))
#18 /Users/wubin/Documents/Github/www/OrangeHRM/symfony/plugins/orangehrmCorePlugin/lib/authorization/filter/ohrmAuthorizationFilter.php(101): sfFilterChain->execute()
#19 /Users/wubin/Documents/Github/www/OrangeHRM/symfony/lib/vendor/symfony/lib/filter/sfFilterChain.class.php(53): ohrmAuthorizationFilter->execute(Object(sfFilterChain))
#20 /Users/wubin/Documents/Github/www/OrangeHRM/symfony/apps/orangehrm/lib/filter/SessionInfoFetcherFilter.php(67): sfFilterChain->execute()
#21 /Users/wubin/Documents/Github/www/OrangeHRM/symfony/lib/vendor/symfony/lib/filter/sfFilterChain.class.php(53): SessionInfoFetcherFilter->execute(Object(sfFilterChain))
#22 /Users/wubin/Documents/Github/www/OrangeHRM/symfony/apps/orangehrm/lib/filter/OrangeI18NFilter.php(58): sfFilterChain->execute()
#23 /Users/wubin/Documents/Github/www/OrangeHRM/symfony/lib/vendor/symfony/lib/filter/sfFilterChain.class.php(53): OrangeI18NFilter->execute(Object(sfFilterChain))
#24 /Users/wubin/Documents/Github/www/OrangeHRM/symfony/apps/orangehrm/lib/filter/ExceptionCatcherFilter.php(26): sfFilterChain->execute()
#25 /Users/wubin/Documents/Github/www/OrangeHRM/symfony/lib/vendor/symfony/lib/filter/sfFilterChain.class.php(53): ExceptionCatcherFilter->execute(Object(sfFilterChain))
#26 /Users/wubin/Documents/Github/www/OrangeHRM/symfony/lib/vendor/symfony/lib/filter/sfBasicSecurityFilter.class.php(72): sfFilterChain->execute()
#27 /Users/wubin/Documents/Github/www/OrangeHRM/symfony/lib/vendor/symfony/lib/filter/sfFilterChain.class.php(53): sfBasicSecurityFilter->execute(Object(sfFilterChain))
#28 /Users/wubin/Documents/Github/www/OrangeHRM/symfony/lib/vendor/symfony/lib/filter/sfRenderingFilter.class.php(33): sfFilterChain->execute()
#29 /Users/wubin/Documents/Github/www/OrangeHRM/symfony/lib/vendor/symfony/lib/filter/sfFilterChain.class.php(53): sfRenderingFilter->execute(Object(sfFilterChain))
#30 /Users/wubin/Documents/Github/www/OrangeHRM/symfony/lib/vendor/symfony/lib/controller/sfController.class.php(238): sfFilterChain->execute()
#31 /Users/wubin/Documents/Github/www/OrangeHRM/symfony/lib/vendor/symfony/lib/controller/sfFrontWebController.class.php(48): sfController->forward('shift', 'runJava')
#32 /Users/wubin/Documents/Github/www/OrangeHRM/symfony/lib/vendor/symfony/lib/util/sfContext.class.php(173): sfFrontWebController->dispatch()
#33 /Users/wubin/Documents/Github/www/OrangeHRM/symfony/web/index.php(22): sfContext->dispatch()
#34 {main}

Next exception 'DaoException' with message 'Validation failed in class WorkShiftResult

  1 field had validation error:

    * 1 validator failed on shift_type_id (type)
' in /Users/wubin/Documents/Github/www/OrangeHRM/symfony/plugins/orangehrmShiftPlugin/lib/dao/ShiftDao.php:146
Stack trace:
#0 /Users/wubin/Documents/Github/www/OrangeHRM/symfony/plugins/orangehrmShiftPlugin/lib/service/ShiftService.php(64): ShiftDao->saveShiftResult(Object(WorkShiftResult))
#1 /Users/wubin/Documents/Github/www/OrangeHRM/symfony/plugins/orangehrmShiftPlugin/lib/service/ShiftService.php(2324): ShiftService->saveShiftResult(Object(WorkShiftResult))
#2 /Users/wubin/Documents/Github/www/OrangeHRM/symfony/plugins/orangehrmShiftPlugin/modules/shift/actions/runJavaAction.class.php(22): ShiftService->setRosterResult('84')
#3 /Users/wubin/Documents/Github/www/OrangeHRM/symfony/lib/vendor/symfony/lib/filter/sfExecutionFilter.class.php(92): runJavaAction->execute(Object(sfWebRequest))
#4 /Users/wubin/Documents/Github/www/OrangeHRM/symfony/plugins/orangehrmCorePlugin/lib/filter/orangehrmExecutionFilter.php(42): sfExecutionFilter->executeAction(Object(runJavaAction))
#5 /Users/wubin/Documents/Github/www/OrangeHRM/symfony/lib/vendor/symfony/lib/filter/sfExecutionFilter.class.php(78): orangehrmExecutionFilter->executeAction(Object(runJavaAction))
#6 /Users/wubin/Documents/Github/www/OrangeHRM/symfony/lib/vendor/symfony/lib/filter/sfExecutionFilter.class.php(53): sfExecutionFilter->handleAction(Object(sfFilterChain), Object(runJavaAction))
#7 /Users/wubin/Documents/Github/www/OrangeHRM/symfony/lib/vendor/symfony/lib/filter/sfFilterChain.class.php(53): sfExecutionFilter->execute(Object(sfFilterChain))
#8 /Users/wubin/Documents/Github/www/OrangeHRM/symfony/lib/vendor/symfony/lib/filter/sfCommonFilter.class.php(29): sfFilterChain->execute()
#9 /Users/wubin/Documents/Github/www/OrangeHRM/symfony/lib/vendor/symfony/lib/filter/sfFilterChain.class.php(53): sfCommonFilter->execute(Object(sfFilterChain))
#10 /Users/wubin/Documents/Github/www/OrangeHRM/symfony/plugins/orangehrmCorePlugin/lib/filter/orangehrmPostExecutionFilter.php(22): sfFilterChain->execute()
#11 /Users/wubin/Documents/Github/www/OrangeHRM/symfony/lib/vendor/symfony/lib/filter/sfFilterChain.class.php(53): orangehrmPostExecutionFilter->execute(Object(sfFilterChain))
#12 /Users/wubin/Documents/Github/www/OrangeHRM/symfony/apps/orangehrm/lib/filter/ModuleFilter.php(56): sfFilterChain->execute()
#13 /Users/wubin/Documents/Github/www/OrangeHRM/symfony/lib/vendor/symfony/lib/filter/sfFilterChain.class.php(53): ModuleFilter->execute(Object(sfFilterChain))
#14 /Users/wubin/Documents/Github/www/OrangeHRM/symfony/plugins/orangehrmCorePlugin/lib/authorization/filter/ohrmAuthorizationFilter.php(101): sfFilterChain->execute()
#15 /Users/wubin/Documents/Github/www/OrangeHRM/symfony/lib/vendor/symfony/lib/filter/sfFilterChain.class.php(53): ohrmAuthorizationFilter->execute(Object(sfFilterChain))
#16 /Users/wubin/Documents/Github/www/OrangeHRM/symfony/apps/orangehrm/lib/filter/SessionInfoFetcherFilter.php(67): sfFilterChain->execute()
#17 /Users/wubin/Documents/Github/www/OrangeHRM/symfony/lib/vendor/symfony/lib/filter/sfFilterChain.class.php(53): SessionInfoFetcherFilter->execute(Object(sfFilterChain))
#18 /Users/wubin/Documents/Github/www/OrangeHRM/symfony/apps/orangehrm/lib/filter/OrangeI18NFilter.php(58): sfFilterChain->execute()
#19 /Users/wubin/Documents/Github/www/OrangeHRM/symfony/lib/vendor/symfony/lib/filter/sfFilterChain.class.php(53): OrangeI18NFilter->execute(Object(sfFilterChain))
#20 /Users/wubin/Documents/Github/www/OrangeHRM/symfony/apps/orangehrm/lib/filter/ExceptionCatcherFilter.php(26): sfFilterChain->execute()
#21 /Users/wubin/Documents/Github/www/OrangeHRM/symfony/lib/vendor/symfony/lib/filter/sfFilterChain.class.php(53): ExceptionCatcherFilter->execute(Object(sfFilterChain))
#22 /Users/wubin/Documents/Github/www/OrangeHRM/symfony/lib/vendor/symfony/lib/filter/sfBasicSecurityFilter.class.php(72): sfFilterChain->execute()
#23 /Users/wubin/Documents/Github/www/OrangeHRM/symfony/lib/vendor/symfony/lib/filter/sfFilterChain.class.php(53): sfBasicSecurityFilter->execute(Object(sfFilterChain))
#24 /Users/wubin/Documents/Github/www/OrangeHRM/symfony/lib/vendor/symfony/lib/filter/sfRenderingFilter.class.php(33): sfFilterChain->execute()
#25 /Users/wubin/Documents/Github/www/OrangeHRM/symfony/lib/vendor/symfony/lib/filter/sfFilterChain.class.php(53): sfRenderingFilter->execute(Object(sfFilterChain))
#26 /Users/wubin/Documents/Github/www/OrangeHRM/symfony/lib/vendor/symfony/lib/controller/sfController.class.php(238): sfFilterChain->execute()
#27 /Users/wubin/Documents/Github/www/OrangeHRM/symfony/lib/vendor/symfony/lib/controller/sfFrontWebController.class.php(48): sfController->forward('shift', 'runJava')
#28 /Users/wubin/Documents/Github/www/OrangeHRM/symfony/lib/vendor/symfony/lib/util/sfContext.class.php(173): sfFrontWebController->dispatch()
#29 /Users/wubin/Documents/Github/www/OrangeHRM/symfony/web/index.php(22): sfContext->dispatch()
#30 {main}
二 12/26 14:14:52 2017,607 [3537] ERROR filter.ExceptionCatcherFilter - Uncaught Exception: exception 'Doctrine_Validator_Exception' with message 'Validation failed in class WorkShiftResult

  1 field had validation error:

    * 1 validator failed on shift_type_id (type)
' in /Users/wubin/Documents/Github/www/OrangeHRM/symfony/lib/vendor/lexpress/doctrine1/lib/Doctrine/Transaction.php:265
Stack trace:
#0 /Users/wubin/Documents/Github/www/OrangeHRM/symfony/lib/vendor/lexpress/doctrine1/lib/Doctrine/Connection.php(1447): Doctrine_Transaction->commit(NULL)
#1 /Users/wubin/Documents/Github/www/OrangeHRM/symfony/lib/vendor/lexpress/doctrine1/lib/Doctrine/Connection/UnitOfWork.php(148): Doctrine_Connection->commit()
#2 /Users/wubin/Documents/Github/www/OrangeHRM/symfony/lib/vendor/lexpress/doctrine1/lib/Doctrine/Record.php(1718): Doctrine_Connection_UnitOfWork->saveGraph(Object(WorkShiftResult))
#3 /Users/wubin/Documents/Github/www/OrangeHRM/symfony/plugins/orangehrmShiftPlugin/lib/dao/ShiftDao.php(144): Doctrine_Record->save()
#4 /Users/wubin/Documents/Github/www/OrangeHRM/symfony/plugins/orangehrmShiftPlugin/lib/service/ShiftService.php(64): ShiftDao->saveShiftResult(Object(WorkShiftResult))
#5 /Users/wubin/Documents/Github/www/OrangeHRM/symfony/plugins/orangehrmShiftPlugin/lib/service/ShiftService.php(2324): ShiftService->saveShiftResult(Object(WorkShiftResult))
#6 /Users/wubin/Documents/Github/www/OrangeHRM/symfony/plugins/orangehrmShiftPlugin/modules/shift/actions/runJavaAction.class.php(22): ShiftService->setRosterResult('84')
#7 /Users/wubin/Documents/Github/www/OrangeHRM/symfony/lib/vendor/symfony/lib/filter/sfExecutionFilter.class.php(92): runJavaAction->execute(Object(sfWebRequest))
#8 /Users/wubin/Documents/Github/www/OrangeHRM/symfony/plugins/orangehrmCorePlugin/lib/filter/orangehrmExecutionFilter.php(42): sfExecutionFilter->executeAction(Object(runJavaAction))
#9 /Users/wubin/Documents/Github/www/OrangeHRM/symfony/lib/vendor/symfony/lib/filter/sfExecutionFilter.class.php(78): orangehrmExecutionFilter->executeAction(Object(runJavaAction))
#10 /Users/wubin/Documents/Github/www/OrangeHRM/symfony/lib/vendor/symfony/lib/filter/sfExecutionFilter.class.php(53): sfExecutionFilter->handleAction(Object(sfFilterChain), Object(runJavaAction))
#11 /Users/wubin/Documents/Github/www/OrangeHRM/symfony/lib/vendor/symfony/lib/filter/sfFilterChain.class.php(53): sfExecutionFilter->execute(Object(sfFilterChain))
#12 /Users/wubin/Documents/Github/www/OrangeHRM/symfony/lib/vendor/symfony/lib/filter/sfCommonFilter.class.php(29): sfFilterChain->execute()
#13 /Users/wubin/Documents/Github/www/OrangeHRM/symfony/lib/vendor/symfony/lib/filter/sfFilterChain.class.php(53): sfCommonFilter->execute(Object(sfFilterChain))
#14 /Users/wubin/Documents/Github/www/OrangeHRM/symfony/plugins/orangehrmCorePlugin/lib/filter/orangehrmPostExecutionFilter.php(22): sfFilterChain->execute()
#15 /Users/wubin/Documents/Github/www/OrangeHRM/symfony/lib/vendor/symfony/lib/filter/sfFilterChain.class.php(53): orangehrmPostExecutionFilter->execute(Object(sfFilterChain))
#16 /Users/wubin/Documents/Github/www/OrangeHRM/symfony/apps/orangehrm/lib/filter/ModuleFilter.php(56): sfFilterChain->execute()
#17 /Users/wubin/Documents/Github/www/OrangeHRM/symfony/lib/vendor/symfony/lib/filter/sfFilterChain.class.php(53): ModuleFilter->execute(Object(sfFilterChain))
#18 /Users/wubin/Documents/Github/www/OrangeHRM/symfony/plugins/orangehrmCorePlugin/lib/authorization/filter/ohrmAuthorizationFilter.php(101): sfFilterChain->execute()
#19 /Users/wubin/Documents/Github/www/OrangeHRM/symfony/lib/vendor/symfony/lib/filter/sfFilterChain.class.php(53): ohrmAuthorizationFilter->execute(Object(sfFilterChain))
#20 /Users/wubin/Documents/Github/www/OrangeHRM/symfony/apps/orangehrm/lib/filter/SessionInfoFetcherFilter.php(67): sfFilterChain->execute()
#21 /Users/wubin/Documents/Github/www/OrangeHRM/symfony/lib/vendor/symfony/lib/filter/sfFilterChain.class.php(53): SessionInfoFetcherFilter->execute(Object(sfFilterChain))
#22 /Users/wubin/Documents/Github/www/OrangeHRM/symfony/apps/orangehrm/lib/filter/OrangeI18NFilter.php(58): sfFilterChain->execute()
#23 /Users/wubin/Documents/Github/www/OrangeHRM/symfony/lib/vendor/symfony/lib/filter/sfFilterChain.class.php(53): OrangeI18NFilter->execute(Object(sfFilterChain))
#24 /Users/wubin/Documents/Github/www/OrangeHRM/symfony/apps/orangehrm/lib/filter/ExceptionCatcherFilter.php(26): sfFilterChain->execute()
#25 /Users/wubin/Documents/Github/www/OrangeHRM/symfony/lib/vendor/symfony/lib/filter/sfFilterChain.class.php(53): ExceptionCatcherFilter->execute(Object(sfFilterChain))
#26 /Users/wubin/Documents/Github/www/OrangeHRM/symfony/lib/vendor/symfony/lib/filter/sfBasicSecurityFilter.class.php(72): sfFilterChain->execute()
#27 /Users/wubin/Documents/Github/www/OrangeHRM/symfony/lib/vendor/symfony/lib/filter/sfFilterChain.class.php(53): sfBasicSecurityFilter->execute(Object(sfFilterChain))
#28 /Users/wubin/Documents/Github/www/OrangeHRM/symfony/lib/vendor/symfony/lib/filter/sfRenderingFilter.class.php(33): sfFilterChain->execute()
#29 /Users/wubin/Documents/Github/www/OrangeHRM/symfony/lib/vendor/symfony/lib/filter/sfFilterChain.class.php(53): sfRenderingFilter->execute(Object(sfFilterChain))
#30 /Users/wubin/Documents/Github/www/OrangeHRM/symfony/lib/vendor/symfony/lib/controller/sfController.class.php(238): sfFilterChain->execute()
#31 /Users/wubin/Documents/Github/www/OrangeHRM/symfony/lib/vendor/symfony/lib/controller/sfFrontWebController.class.php(48): sfController->forward('shift', 'runJava')
#32 /Users/wubin/Documents/Github/www/OrangeHRM/symfony/lib/vendor/symfony/lib/util/sfContext.class.php(173): sfFrontWebController->dispatch()
#33 /Users/wubin/Documents/Github/www/OrangeHRM/symfony/web/index.php(22): sfContext->dispatch()
#34 {main}

Next exception 'DaoException' with message 'Validation failed in class WorkShiftResult

  1 field had validation error:

    * 1 validator failed on shift_type_id (type)
' in /Users/wubin/Documents/Github/www/OrangeHRM/symfony/plugins/orangehrmShiftPlugin/lib/dao/ShiftDao.php:146
Stack trace:
#0 /Users/wubin/Documents/Github/www/OrangeHRM/symfony/plugins/orangehrmShiftPlugin/lib/service/ShiftService.php(64): ShiftDao->saveShiftResult(Object(WorkShiftResult))
#1 /Users/wubin/Documents/Github/www/OrangeHRM/symfony/plugins/orangehrmShiftPlugin/lib/service/ShiftService.php(2324): ShiftService->saveShiftResult(Object(WorkShiftResult))
#2 /Users/wubin/Documents/Github/www/OrangeHRM/symfony/plugins/orangehrmShiftPlugin/modules/shift/actions/runJavaAction.class.php(22): ShiftService->setRosterResult('84')
#3 /Users/wubin/Documents/Github/www/OrangeHRM/symfony/lib/vendor/symfony/lib/filter/sfExecutionFilter.class.php(92): runJavaAction->execute(Object(sfWebRequest))
#4 /Users/wubin/Documents/Github/www/OrangeHRM/symfony/plugins/orangehrmCorePlugin/lib/filter/orangehrmExecutionFilter.php(42): sfExecutionFilter->executeAction(Object(runJavaAction))
#5 /Users/wubin/Documents/Github/www/OrangeHRM/symfony/lib/vendor/symfony/lib/filter/sfExecutionFilter.class.php(78): orangehrmExecutionFilter->executeAction(Object(runJavaAction))
#6 /Users/wubin/Documents/Github/www/OrangeHRM/symfony/lib/vendor/symfony/lib/filter/sfExecutionFilter.class.php(53): sfExecutionFilter->handleAction(Object(sfFilterChain), Object(runJavaAction))
#7 /Users/wubin/Documents/Github/www/OrangeHRM/symfony/lib/vendor/symfony/lib/filter/sfFilterChain.class.php(53): sfExecutionFilter->execute(Object(sfFilterChain))
#8 /Users/wubin/Documents/Github/www/OrangeHRM/symfony/lib/vendor/symfony/lib/filter/sfCommonFilter.class.php(29): sfFilterChain->execute()
#9 /Users/wubin/Documents/Github/www/OrangeHRM/symfony/lib/vendor/symfony/lib/filter/sfFilterChain.class.php(53): sfCommonFilter->execute(Object(sfFilterChain))
#10 /Users/wubin/Documents/Github/www/OrangeHRM/symfony/plugins/orangehrmCorePlugin/lib/filter/orangehrmPostExecutionFilter.php(22): sfFilterChain->execute()
#11 /Users/wubin/Documents/Github/www/OrangeHRM/symfony/lib/vendor/symfony/lib/filter/sfFilterChain.class.php(53): orangehrmPostExecutionFilter->execute(Object(sfFilterChain))
#12 /Users/wubin/Documents/Github/www/OrangeHRM/symfony/apps/orangehrm/lib/filter/ModuleFilter.php(56): sfFilterChain->execute()
#13 /Users/wubin/Documents/Github/www/OrangeHRM/symfony/lib/vendor/symfony/lib/filter/sfFilterChain.class.php(53): ModuleFilter->execute(Object(sfFilterChain))
#14 /Users/wubin/Documents/Github/www/OrangeHRM/symfony/plugins/orangehrmCorePlugin/lib/authorization/filter/ohrmAuthorizationFilter.php(101): sfFilterChain->execute()
#15 /Users/wubin/Documents/Github/www/OrangeHRM/symfony/lib/vendor/symfony/lib/filter/sfFilterChain.class.php(53): ohrmAuthorizationFilter->execute(Object(sfFilterChain))
#16 /Users/wubin/Documents/Github/www/OrangeHRM/symfony/apps/orangehrm/lib/filter/SessionInfoFetcherFilter.php(67): sfFilterChain->execute()
#17 /Users/wubin/Documents/Github/www/OrangeHRM/symfony/lib/vendor/symfony/lib/filter/sfFilterChain.class.php(53): SessionInfoFetcherFilter->execute(Object(sfFilterChain))
#18 /Users/wubin/Documents/Github/www/OrangeHRM/symfony/apps/orangehrm/lib/filter/OrangeI18NFilter.php(58): sfFilterChain->execute()
#19 /Users/wubin/Documents/Github/www/OrangeHRM/symfony/lib/vendor/symfony/lib/filter/sfFilterChain.class.php(53): OrangeI18NFilter->execute(Object(sfFilterChain))
#20 /Users/wubin/Documents/Github/www/OrangeHRM/symfony/apps/orangehrm/lib/filter/ExceptionCatcherFilter.php(26): sfFilterChain->execute()
#21 /Users/wubin/Documents/Github/www/OrangeHRM/symfony/lib/vendor/symfony/lib/filter/sfFilterChain.class.php(53): ExceptionCatcherFilter->execute(Object(sfFilterChain))
#22 /Users/wubin/Documents/Github/www/OrangeHRM/symfony/lib/vendor/symfony/lib/filter/sfBasicSecurityFilter.class.php(72): sfFilterChain->execute()
#23 /Users/wubin/Documents/Github/www/OrangeHRM/symfony/lib/vendor/symfony/lib/filter/sfFilterChain.class.php(53): sfBasicSecurityFilter->execute(Object(sfFilterChain))
#24 /Users/wubin/Documents/Github/www/OrangeHRM/symfony/lib/vendor/symfony/lib/filter/sfRenderingFilter.class.php(33): sfFilterChain->execute()
#25 /Users/wubin/Documents/Github/www/OrangeHRM/symfony/lib/vendor/symfony/lib/filter/sfFilterChain.class.php(53): sfRenderingFilter->execute(Object(sfFilterChain))
#26 /Users/wubin/Documents/Github/www/OrangeHRM/symfony/lib/vendor/symfony/lib/controller/sfController.class.php(238): sfFilterChain->execute()
#27 /Users/wubin/Documents/Github/www/OrangeHRM/symfony/lib/vendor/symfony/lib/controller/sfFrontWebController.class.php(48): sfController->forward('shift', 'runJava')
#28 /Users/wubin/Documents/Github/www/OrangeHRM/symfony/lib/vendor/symfony/lib/util/sfContext.class.php(173): sfFrontWebController->dispatch()
#29 /Users/wubin/Documents/Github/www/OrangeHRM/symfony/web/index.php(22): sfContext->dispatch()
#30 {main}
二 12/26 14:30:56 2017,415 [3682] ERROR filter.ExceptionCatcherFilter - Uncaught Exception: exception 'Doctrine_Validator_Exception' with message 'Validation failed in class WorkShiftResult

  1 field had validation error:

    * 1 validator failed on shift_type_id (type)
' in /Users/wubin/Documents/Github/www/OrangeHRM/symfony/lib/vendor/lexpress/doctrine1/lib/Doctrine/Transaction.php:265
Stack trace:
#0 /Users/wubin/Documents/Github/www/OrangeHRM/symfony/lib/vendor/lexpress/doctrine1/lib/Doctrine/Connection.php(1447): Doctrine_Transaction->commit(NULL)
#1 /Users/wubin/Documents/Github/www/OrangeHRM/symfony/lib/vendor/lexpress/doctrine1/lib/Doctrine/Connection/UnitOfWork.php(148): Doctrine_Connection->commit()
#2 /Users/wubin/Documents/Github/www/OrangeHRM/symfony/lib/vendor/lexpress/doctrine1/lib/Doctrine/Record.php(1718): Doctrine_Connection_UnitOfWork->saveGraph(Object(WorkShiftResult))
#3 /Users/wubin/Documents/Github/www/OrangeHRM/symfony/plugins/orangehrmShiftPlugin/lib/dao/ShiftDao.php(144): Doctrine_Record->save()
#4 /Users/wubin/Documents/Github/www/OrangeHRM/symfony/plugins/orangehrmShiftPlugin/lib/service/ShiftService.php(64): ShiftDao->saveShiftResult(Object(WorkShiftResult))
#5 /Users/wubin/Documents/Github/www/OrangeHRM/symfony/plugins/orangehrmShiftPlugin/lib/service/ShiftService.php(2324): ShiftService->saveShiftResult(Object(WorkShiftResult))
#6 /Users/wubin/Documents/Github/www/OrangeHRM/symfony/plugins/orangehrmShiftPlugin/modules/shift/actions/runJavaAction.class.php(22): ShiftService->setRosterResult('96')
#7 /Users/wubin/Documents/Github/www/OrangeHRM/symfony/lib/vendor/symfony/lib/filter/sfExecutionFilter.class.php(92): runJavaAction->execute(Object(sfWebRequest))
#8 /Users/wubin/Documents/Github/www/OrangeHRM/symfony/plugins/orangehrmCorePlugin/lib/filter/orangehrmExecutionFilter.php(42): sfExecutionFilter->executeAction(Object(runJavaAction))
#9 /Users/wubin/Documents/Github/www/OrangeHRM/symfony/lib/vendor/symfony/lib/filter/sfExecutionFilter.class.php(78): orangehrmExecutionFilter->executeAction(Object(runJavaAction))
#10 /Users/wubin/Documents/Github/www/OrangeHRM/symfony/lib/vendor/symfony/lib/filter/sfExecutionFilter.class.php(53): sfExecutionFilter->handleAction(Object(sfFilterChain), Object(runJavaAction))
#11 /Users/wubin/Documents/Github/www/OrangeHRM/symfony/lib/vendor/symfony/lib/filter/sfFilterChain.class.php(53): sfExecutionFilter->execute(Object(sfFilterChain))
#12 /Users/wubin/Documents/Github/www/OrangeHRM/symfony/lib/vendor/symfony/lib/filter/sfCommonFilter.class.php(29): sfFilterChain->execute()
#13 /Users/wubin/Documents/Github/www/OrangeHRM/symfony/lib/vendor/symfony/lib/filter/sfFilterChain.class.php(53): sfCommonFilter->execute(Object(sfFilterChain))
#14 /Users/wubin/Documents/Github/www/OrangeHRM/symfony/plugins/orangehrmCorePlugin/lib/filter/orangehrmPostExecutionFilter.php(22): sfFilterChain->execute()
#15 /Users/wubin/Documents/Github/www/OrangeHRM/symfony/lib/vendor/symfony/lib/filter/sfFilterChain.class.php(53): orangehrmPostExecutionFilter->execute(Object(sfFilterChain))
#16 /Users/wubin/Documents/Github/www/OrangeHRM/symfony/apps/orangehrm/lib/filter/ModuleFilter.php(56): sfFilterChain->execute()
#17 /Users/wubin/Documents/Github/www/OrangeHRM/symfony/lib/vendor/symfony/lib/filter/sfFilterChain.class.php(53): ModuleFilter->execute(Object(sfFilterChain))
#18 /Users/wubin/Documents/Github/www/OrangeHRM/symfony/plugins/orangehrmCorePlugin/lib/authorization/filter/ohrmAuthorizationFilter.php(101): sfFilterChain->execute()
#19 /Users/wubin/Documents/Github/www/OrangeHRM/symfony/lib/vendor/symfony/lib/filter/sfFilterChain.class.php(53): ohrmAuthorizationFilter->execute(Object(sfFilterChain))
#20 /Users/wubin/Documents/Github/www/OrangeHRM/symfony/apps/orangehrm/lib/filter/SessionInfoFetcherFilter.php(67): sfFilterChain->execute()
#21 /Users/wubin/Documents/Github/www/OrangeHRM/symfony/lib/vendor/symfony/lib/filter/sfFilterChain.class.php(53): SessionInfoFetcherFilter->execute(Object(sfFilterChain))
#22 /Users/wubin/Documents/Github/www/OrangeHRM/symfony/apps/orangehrm/lib/filter/OrangeI18NFilter.php(58): sfFilterChain->execute()
#23 /Users/wubin/Documents/Github/www/OrangeHRM/symfony/lib/vendor/symfony/lib/filter/sfFilterChain.class.php(53): OrangeI18NFilter->execute(Object(sfFilterChain))
#24 /Users/wubin/Documents/Github/www/OrangeHRM/symfony/apps/orangehrm/lib/filter/ExceptionCatcherFilter.php(26): sfFilterChain->execute()
#25 /Users/wubin/Documents/Github/www/OrangeHRM/symfony/lib/vendor/symfony/lib/filter/sfFilterChain.class.php(53): ExceptionCatcherFilter->execute(Object(sfFilterChain))
#26 /Users/wubin/Documents/Github/www/OrangeHRM/symfony/lib/vendor/symfony/lib/filter/sfBasicSecurityFilter.class.php(72): sfFilterChain->execute()
#27 /Users/wubin/Documents/Github/www/OrangeHRM/symfony/lib/vendor/symfony/lib/filter/sfFilterChain.class.php(53): sfBasicSecurityFilter->execute(Object(sfFilterChain))
#28 /Users/wubin/Documents/Github/www/OrangeHRM/symfony/lib/vendor/symfony/lib/filter/sfRenderingFilter.class.php(33): sfFilterChain->execute()
#29 /Users/wubin/Documents/Github/www/OrangeHRM/symfony/lib/vendor/symfony/lib/filter/sfFilterChain.class.php(53): sfRenderingFilter->execute(Object(sfFilterChain))
#30 /Users/wubin/Documents/Github/www/OrangeHRM/symfony/lib/vendor/symfony/lib/controller/sfController.class.php(238): sfFilterChain->execute()
#31 /Users/wubin/Documents/Github/www/OrangeHRM/symfony/lib/vendor/symfony/lib/controller/sfFrontWebController.class.php(48): sfController->forward('shift', 'runJava')
#32 /Users/wubin/Documents/Github/www/OrangeHRM/symfony/lib/vendor/symfony/lib/util/sfContext.class.php(173): sfFrontWebController->dispatch()
#33 /Users/wubin/Documents/Github/www/OrangeHRM/symfony/web/index.php(22): sfContext->dispatch()
#34 {main}

Next exception 'DaoException' with message 'Validation failed in class WorkShiftResult

  1 field had validation error:

    * 1 validator failed on shift_type_id (type)
' in /Users/wubin/Documents/Github/www/OrangeHRM/symfony/plugins/orangehrmShiftPlugin/lib/dao/ShiftDao.php:146
Stack trace:
#0 /Users/wubin/Documents/Github/www/OrangeHRM/symfony/plugins/orangehrmShiftPlugin/lib/service/ShiftService.php(64): ShiftDao->saveShiftResult(Object(WorkShiftResult))
#1 /Users/wubin/Documents/Github/www/OrangeHRM/symfony/plugins/orangehrmShiftPlugin/lib/service/ShiftService.php(2324): ShiftService->saveShiftResult(Object(WorkShiftResult))
#2 /Users/wubin/Documents/Github/www/OrangeHRM/symfony/plugins/orangehrmShiftPlugin/modules/shift/actions/runJavaAction.class.php(22): ShiftService->setRosterResult('96')
#3 /Users/wubin/Documents/Github/www/OrangeHRM/symfony/lib/vendor/symfony/lib/filter/sfExecutionFilter.class.php(92): runJavaAction->execute(Object(sfWebRequest))
#4 /Users/wubin/Documents/Github/www/OrangeHRM/symfony/plugins/orangehrmCorePlugin/lib/filter/orangehrmExecutionFilter.php(42): sfExecutionFilter->executeAction(Object(runJavaAction))
#5 /Users/wubin/Documents/Github/www/OrangeHRM/symfony/lib/vendor/symfony/lib/filter/sfExecutionFilter.class.php(78): orangehrmExecutionFilter->executeAction(Object(runJavaAction))
#6 /Users/wubin/Documents/Github/www/OrangeHRM/symfony/lib/vendor/symfony/lib/filter/sfExecutionFilter.class.php(53): sfExecutionFilter->handleAction(Object(sfFilterChain), Object(runJavaAction))
#7 /Users/wubin/Documents/Github/www/OrangeHRM/symfony/lib/vendor/symfony/lib/filter/sfFilterChain.class.php(53): sfExecutionFilter->execute(Object(sfFilterChain))
#8 /Users/wubin/Documents/Github/www/OrangeHRM/symfony/lib/vendor/symfony/lib/filter/sfCommonFilter.class.php(29): sfFilterChain->execute()
#9 /Users/wubin/Documents/Github/www/OrangeHRM/symfony/lib/vendor/symfony/lib/filter/sfFilterChain.class.php(53): sfCommonFilter->execute(Object(sfFilterChain))
#10 /Users/wubin/Documents/Github/www/OrangeHRM/symfony/plugins/orangehrmCorePlugin/lib/filter/orangehrmPostExecutionFilter.php(22): sfFilterChain->execute()
#11 /Users/wubin/Documents/Github/www/OrangeHRM/symfony/lib/vendor/symfony/lib/filter/sfFilterChain.class.php(53): orangehrmPostExecutionFilter->execute(Object(sfFilterChain))
#12 /Users/wubin/Documents/Github/www/OrangeHRM/symfony/apps/orangehrm/lib/filter/ModuleFilter.php(56): sfFilterChain->execute()
#13 /Users/wubin/Documents/Github/www/OrangeHRM/symfony/lib/vendor/symfony/lib/filter/sfFilterChain.class.php(53): ModuleFilter->execute(Object(sfFilterChain))
#14 /Users/wubin/Documents/Github/www/OrangeHRM/symfony/plugins/orangehrmCorePlugin/lib/authorization/filter/ohrmAuthorizationFilter.php(101): sfFilterChain->execute()
#15 /Users/wubin/Documents/Github/www/OrangeHRM/symfony/lib/vendor/symfony/lib/filter/sfFilterChain.class.php(53): ohrmAuthorizationFilter->execute(Object(sfFilterChain))
#16 /Users/wubin/Documents/Github/www/OrangeHRM/symfony/apps/orangehrm/lib/filter/SessionInfoFetcherFilter.php(67): sfFilterChain->execute()
#17 /Users/wubin/Documents/Github/www/OrangeHRM/symfony/lib/vendor/symfony/lib/filter/sfFilterChain.class.php(53): SessionInfoFetcherFilter->execute(Object(sfFilterChain))
#18 /Users/wubin/Documents/Github/www/OrangeHRM/symfony/apps/orangehrm/lib/filter/OrangeI18NFilter.php(58): sfFilterChain->execute()
#19 /Users/wubin/Documents/Github/www/OrangeHRM/symfony/lib/vendor/symfony/lib/filter/sfFilterChain.class.php(53): OrangeI18NFilter->execute(Object(sfFilterChain))
#20 /Users/wubin/Documents/Github/www/OrangeHRM/symfony/apps/orangehrm/lib/filter/ExceptionCatcherFilter.php(26): sfFilterChain->execute()
#21 /Users/wubin/Documents/Github/www/OrangeHRM/symfony/lib/vendor/symfony/lib/filter/sfFilterChain.class.php(53): ExceptionCatcherFilter->execute(Object(sfFilterChain))
#22 /Users/wubin/Documents/Github/www/OrangeHRM/symfony/lib/vendor/symfony/lib/filter/sfBasicSecurityFilter.class.php(72): sfFilterChain->execute()
#23 /Users/wubin/Documents/Github/www/OrangeHRM/symfony/lib/vendor/symfony/lib/filter/sfFilterChain.class.php(53): sfBasicSecurityFilter->execute(Object(sfFilterChain))
#24 /Users/wubin/Documents/Github/www/OrangeHRM/symfony/lib/vendor/symfony/lib/filter/sfRenderingFilter.class.php(33): sfFilterChain->execute()
#25 /Users/wubin/Documents/Github/www/OrangeHRM/symfony/lib/vendor/symfony/lib/filter/sfFilterChain.class.php(53): sfRenderingFilter->execute(Object(sfFilterChain))
#26 /Users/wubin/Documents/Github/www/OrangeHRM/symfony/lib/vendor/symfony/lib/controller/sfController.class.php(238): sfFilterChain->execute()
#27 /Users/wubin/Documents/Github/www/OrangeHRM/symfony/lib/vendor/symfony/lib/controller/sfFrontWebController.class.php(48): sfController->forward('shift', 'runJava')
#28 /Users/wubin/Documents/Github/www/OrangeHRM/symfony/lib/vendor/symfony/lib/util/sfContext.class.php(173): sfFrontWebController->dispatch()
#29 /Users/wubin/Documents/Github/www/OrangeHRM/symfony/web/index.php(22): sfContext->dispatch()
#30 {main}
